Start testing: Mar 17 21:19 CST
----------------------------------------------------------
1/169 Testing: t_wrapping_ints_cmp
1/169 Test: t_wrapping_ints_cmp
Command: "/home/maowenjun/CS144-Labs/build/tests/wrapping_integers_cmp"
Directory: /home/maowenjun/CS144-Labs/build
"t_wrapping_ints_cmp" start time: Mar 17 21:19 CST
Output:
----------------------------------------------------------
<end of output>
Test time =   0.00 sec
----------------------------------------------------------
Test Passed.
"t_wrapping_ints_cmp" end time: Mar 17 21:19 CST
"t_wrapping_ints_cmp" time elapsed: 00:00:00
----------------------------------------------------------

2/169 Testing: t_wrapping_ints_unwrap
2/169 Test: t_wrapping_ints_unwrap
Command: "/home/maowenjun/CS144-Labs/build/tests/wrapping_integers_unwrap"
Directory: /home/maowenjun/CS144-Labs/build
"t_wrapping_ints_unwrap" start time: Mar 17 21:19 CST
Output:
----------------------------------------------------------
<end of output>
Test time =   0.00 sec
----------------------------------------------------------
Test Passed.
"t_wrapping_ints_unwrap" end time: Mar 17 21:19 CST
"t_wrapping_ints_unwrap" time elapsed: 00:00:00
----------------------------------------------------------

3/169 Testing: t_wrapping_ints_wrap
3/169 Test: t_wrapping_ints_wrap
Command: "/home/maowenjun/CS144-Labs/build/tests/wrapping_integers_wrap"
Directory: /home/maowenjun/CS144-Labs/build
"t_wrapping_ints_wrap" start time: Mar 17 21:19 CST
Output:
----------------------------------------------------------
<end of output>
Test time =   0.00 sec
----------------------------------------------------------
Test Passed.
"t_wrapping_ints_wrap" end time: Mar 17 21:19 CST
"t_wrapping_ints_wrap" time elapsed: 00:00:00
----------------------------------------------------------

4/169 Testing: t_wrapping_ints_roundtrip
4/169 Test: t_wrapping_ints_roundtrip
Command: "/home/maowenjun/CS144-Labs/build/tests/wrapping_integers_roundtrip"
Directory: /home/maowenjun/CS144-Labs/build
"t_wrapping_ints_roundtrip" start time: Mar 17 21:19 CST
Output:
----------------------------------------------------------
<end of output>
Test time =   0.09 sec
----------------------------------------------------------
Test Passed.
"t_wrapping_ints_roundtrip" end time: Mar 17 21:19 CST
"t_wrapping_ints_roundtrip" time elapsed: 00:00:00
----------------------------------------------------------

5/169 Testing: t_recv_connect
5/169 Test: t_recv_connect
Command: "/home/maowenjun/CS144-Labs/build/tests/recv_connect"
Directory: /home/maowenjun/CS144-Labs/build
"t_recv_connect" start time: Mar 17 21:19 CST
Output:
----------------------------------------------------------
<end of output>
Test time =   0.00 sec
----------------------------------------------------------
Test Passed.
"t_recv_connect" end time: Mar 17 21:19 CST
"t_recv_connect" time elapsed: 00:00:00
----------------------------------------------------------

6/169 Testing: t_recv_transmit
6/169 Test: t_recv_transmit
Command: "/home/maowenjun/CS144-Labs/build/tests/recv_transmit"
Directory: /home/maowenjun/CS144-Labs/build
"t_recv_transmit" start time: Mar 17 21:19 CST
Output:
----------------------------------------------------------
<end of output>
Test time =   0.03 sec
----------------------------------------------------------
Test Passed.
"t_recv_transmit" end time: Mar 17 21:19 CST
"t_recv_transmit" time elapsed: 00:00:00
----------------------------------------------------------

7/169 Testing: t_recv_window
7/169 Test: t_recv_window
Command: "/home/maowenjun/CS144-Labs/build/tests/recv_window"
Directory: /home/maowenjun/CS144-Labs/build
"t_recv_window" start time: Mar 17 21:19 CST
Output:
----------------------------------------------------------
<end of output>
Test time =   0.00 sec
----------------------------------------------------------
Test Passed.
"t_recv_window" end time: Mar 17 21:19 CST
"t_recv_window" time elapsed: 00:00:00
----------------------------------------------------------

8/169 Testing: t_recv_reorder
8/169 Test: t_recv_reorder
Command: "/home/maowenjun/CS144-Labs/build/tests/recv_reorder"
Directory: /home/maowenjun/CS144-Labs/build
"t_recv_reorder" start time: Mar 17 21:19 CST
Output:
----------------------------------------------------------
<end of output>
Test time =   0.00 sec
----------------------------------------------------------
Test Passed.
"t_recv_reorder" end time: Mar 17 21:19 CST
"t_recv_reorder" time elapsed: 00:00:00
----------------------------------------------------------

9/169 Testing: t_recv_close
9/169 Test: t_recv_close
Command: "/home/maowenjun/CS144-Labs/build/tests/recv_close"
Directory: /home/maowenjun/CS144-Labs/build
"t_recv_close" start time: Mar 17 21:19 CST
Output:
----------------------------------------------------------
<end of output>
Test time =   0.00 sec
----------------------------------------------------------
Test Passed.
"t_recv_close" end time: Mar 17 21:19 CST
"t_recv_close" time elapsed: 00:00:00
----------------------------------------------------------

10/169 Testing: t_recv_special
10/169 Test: t_recv_special
Command: "/home/maowenjun/CS144-Labs/build/tests/recv_special"
Directory: /home/maowenjun/CS144-Labs/build
"t_recv_special" start time: Mar 17 21:19 CST
Output:
----------------------------------------------------------
<end of output>
Test time =   0.00 sec
----------------------------------------------------------
Test Passed.
"t_recv_special" end time: Mar 17 21:19 CST
"t_recv_special" time elapsed: 00:00:00
----------------------------------------------------------

11/169 Testing: t_send_connect
11/169 Test: t_send_connect
Command: "/home/maowenjun/CS144-Labs/build/tests/send_connect"
Directory: /home/maowenjun/CS144-Labs/build
"t_send_connect" start time: Mar 17 21:19 CST
Output:
----------------------------------------------------------
<end of output>
Test time =   0.00 sec
----------------------------------------------------------
Test Passed.
"t_send_connect" end time: Mar 17 21:19 CST
"t_send_connect" time elapsed: 00:00:00
----------------------------------------------------------

12/169 Testing: t_send_transmit
12/169 Test: t_send_transmit
Command: "/home/maowenjun/CS144-Labs/build/tests/send_transmit"
Directory: /home/maowenjun/CS144-Labs/build
"t_send_transmit" start time: Mar 17 21:19 CST
Output:
----------------------------------------------------------
<end of output>
Test time =   0.02 sec
----------------------------------------------------------
Test Passed.
"t_send_transmit" end time: Mar 17 21:19 CST
"t_send_transmit" time elapsed: 00:00:00
----------------------------------------------------------

13/169 Testing: t_send_retx
13/169 Test: t_send_retx
Command: "/home/maowenjun/CS144-Labs/build/tests/send_retx"
Directory: /home/maowenjun/CS144-Labs/build
"t_send_retx" start time: Mar 17 21:19 CST
Output:
----------------------------------------------------------
<end of output>
Test time =   0.00 sec
----------------------------------------------------------
Test Passed.
"t_send_retx" end time: Mar 17 21:19 CST
"t_send_retx" time elapsed: 00:00:00
----------------------------------------------------------

14/169 Testing: t_send_window
14/169 Test: t_send_window
Command: "/home/maowenjun/CS144-Labs/build/tests/send_window"
Directory: /home/maowenjun/CS144-Labs/build
"t_send_window" start time: Mar 17 21:19 CST
Output:
----------------------------------------------------------
<end of output>
Test time =   0.01 sec
----------------------------------------------------------
Test Passed.
"t_send_window" end time: Mar 17 21:19 CST
"t_send_window" time elapsed: 00:00:00
----------------------------------------------------------

15/169 Testing: t_send_ack
15/169 Test: t_send_ack
Command: "/home/maowenjun/CS144-Labs/build/tests/send_ack"
Directory: /home/maowenjun/CS144-Labs/build
"t_send_ack" start time: Mar 17 21:19 CST
Output:
----------------------------------------------------------
<end of output>
Test time =   0.00 sec
----------------------------------------------------------
Test Passed.
"t_send_ack" end time: Mar 17 21:19 CST
"t_send_ack" time elapsed: 00:00:00
----------------------------------------------------------

16/169 Testing: t_send_close
16/169 Test: t_send_close
Command: "/home/maowenjun/CS144-Labs/build/tests/send_close"
Directory: /home/maowenjun/CS144-Labs/build
"t_send_close" start time: Mar 17 21:19 CST
Output:
----------------------------------------------------------
<end of output>
Test time =   0.00 sec
----------------------------------------------------------
Test Passed.
"t_send_close" end time: Mar 17 21:19 CST
"t_send_close" time elapsed: 00:00:00
----------------------------------------------------------

17/169 Testing: t_send_extra
17/169 Test: t_send_extra
Command: "/home/maowenjun/CS144-Labs/build/tests/send_extra"
Directory: /home/maowenjun/CS144-Labs/build
"t_send_extra" start time: Mar 17 21:19 CST
Output:
----------------------------------------------------------
<end of output>
Test time =   0.00 sec
----------------------------------------------------------
Test Passed.
"t_send_extra" end time: Mar 17 21:19 CST
"t_send_extra" time elapsed: 00:00:00
----------------------------------------------------------

18/169 Testing: t_strm_reassem_single
18/169 Test: t_strm_reassem_single
Command: "/home/maowenjun/CS144-Labs/build/tests/fsm_stream_reassembler_single"
Directory: /home/maowenjun/CS144-Labs/build
"t_strm_reassem_single" start time: Mar 17 21:19 CST
Output:
----------------------------------------------------------
<end of output>
Test time =   0.00 sec
----------------------------------------------------------
Test Passed.
"t_strm_reassem_single" end time: Mar 17 21:19 CST
"t_strm_reassem_single" time elapsed: 00:00:00
----------------------------------------------------------

19/169 Testing: t_strm_reassem_seq
19/169 Test: t_strm_reassem_seq
Command: "/home/maowenjun/CS144-Labs/build/tests/fsm_stream_reassembler_seq"
Directory: /home/maowenjun/CS144-Labs/build
"t_strm_reassem_seq" start time: Mar 17 21:19 CST
Output:
----------------------------------------------------------
<end of output>
Test time =   0.00 sec
----------------------------------------------------------
Test Passed.
"t_strm_reassem_seq" end time: Mar 17 21:19 CST
"t_strm_reassem_seq" time elapsed: 00:00:00
----------------------------------------------------------

20/169 Testing: t_strm_reassem_dup
20/169 Test: t_strm_reassem_dup
Command: "/home/maowenjun/CS144-Labs/build/tests/fsm_stream_reassembler_dup"
Directory: /home/maowenjun/CS144-Labs/build
"t_strm_reassem_dup" start time: Mar 17 21:19 CST
Output:
----------------------------------------------------------
<end of output>
Test time =   0.00 sec
----------------------------------------------------------
Test Passed.
"t_strm_reassem_dup" end time: Mar 17 21:19 CST
"t_strm_reassem_dup" time elapsed: 00:00:00
----------------------------------------------------------

21/169 Testing: t_strm_reassem_holes
21/169 Test: t_strm_reassem_holes
Command: "/home/maowenjun/CS144-Labs/build/tests/fsm_stream_reassembler_holes"
Directory: /home/maowenjun/CS144-Labs/build
"t_strm_reassem_holes" start time: Mar 17 21:19 CST
Output:
----------------------------------------------------------
<end of output>
Test time =   0.00 sec
----------------------------------------------------------
Test Passed.
"t_strm_reassem_holes" end time: Mar 17 21:19 CST
"t_strm_reassem_holes" time elapsed: 00:00:00
----------------------------------------------------------

22/169 Testing: t_strm_reassem_many
22/169 Test: t_strm_reassem_many
Command: "/home/maowenjun/CS144-Labs/build/tests/fsm_stream_reassembler_many"
Directory: /home/maowenjun/CS144-Labs/build
"t_strm_reassem_many" start time: Mar 17 21:19 CST
Output:
----------------------------------------------------------
<end of output>
Test time =   0.24 sec
----------------------------------------------------------
Test Passed.
"t_strm_reassem_many" end time: Mar 17 21:19 CST
"t_strm_reassem_many" time elapsed: 00:00:00
----------------------------------------------------------

23/169 Testing: t_strm_reassem_overlapping
23/169 Test: t_strm_reassem_overlapping
Command: "/home/maowenjun/CS144-Labs/build/tests/fsm_stream_reassembler_overlapping"
Directory: /home/maowenjun/CS144-Labs/build
"t_strm_reassem_overlapping" start time: Mar 17 21:19 CST
Output:
----------------------------------------------------------
<end of output>
Test time =   0.00 sec
----------------------------------------------------------
Test Passed.
"t_strm_reassem_overlapping" end time: Mar 17 21:19 CST
"t_strm_reassem_overlapping" time elapsed: 00:00:00
----------------------------------------------------------

24/169 Testing: t_strm_reassem_win
24/169 Test: t_strm_reassem_win
Command: "/home/maowenjun/CS144-Labs/build/tests/fsm_stream_reassembler_win"
Directory: /home/maowenjun/CS144-Labs/build
"t_strm_reassem_win" start time: Mar 17 21:19 CST
Output:
----------------------------------------------------------
<end of output>
Test time =   0.24 sec
----------------------------------------------------------
Test Passed.
"t_strm_reassem_win" end time: Mar 17 21:19 CST
"t_strm_reassem_win" time elapsed: 00:00:00
----------------------------------------------------------

25/169 Testing: t_strm_reassem_cap
25/169 Test: t_strm_reassem_cap
Command: "/home/maowenjun/CS144-Labs/build/tests/fsm_stream_reassembler_cap"
Directory: /home/maowenjun/CS144-Labs/build
"t_strm_reassem_cap" start time: Mar 17 21:19 CST
Output:
----------------------------------------------------------
<end of output>
Test time =   0.05 sec
----------------------------------------------------------
Test Passed.
"t_strm_reassem_cap" end time: Mar 17 21:19 CST
"t_strm_reassem_cap" time elapsed: 00:00:00
----------------------------------------------------------

26/169 Testing: t_byte_stream_construction
26/169 Test: t_byte_stream_construction
Command: "/home/maowenjun/CS144-Labs/build/tests/byte_stream_construction"
Directory: /home/maowenjun/CS144-Labs/build
"t_byte_stream_construction" start time: Mar 17 21:19 CST
Output:
----------------------------------------------------------
<end of output>
Test time =   0.00 sec
----------------------------------------------------------
Test Passed.
"t_byte_stream_construction" end time: Mar 17 21:19 CST
"t_byte_stream_construction" time elapsed: 00:00:00
----------------------------------------------------------

27/169 Testing: t_byte_stream_one_write
27/169 Test: t_byte_stream_one_write
Command: "/home/maowenjun/CS144-Labs/build/tests/byte_stream_one_write"
Directory: /home/maowenjun/CS144-Labs/build
"t_byte_stream_one_write" start time: Mar 17 21:19 CST
Output:
----------------------------------------------------------
<end of output>
Test time =   0.00 sec
----------------------------------------------------------
Test Passed.
"t_byte_stream_one_write" end time: Mar 17 21:19 CST
"t_byte_stream_one_write" time elapsed: 00:00:00
----------------------------------------------------------

28/169 Testing: t_byte_stream_two_writes
28/169 Test: t_byte_stream_two_writes
Command: "/home/maowenjun/CS144-Labs/build/tests/byte_stream_two_writes"
Directory: /home/maowenjun/CS144-Labs/build
"t_byte_stream_two_writes" start time: Mar 17 21:19 CST
Output:
----------------------------------------------------------
<end of output>
Test time =   0.00 sec
----------------------------------------------------------
Test Passed.
"t_byte_stream_two_writes" end time: Mar 17 21:19 CST
"t_byte_stream_two_writes" time elapsed: 00:00:00
----------------------------------------------------------

29/169 Testing: t_byte_stream_capacity
29/169 Test: t_byte_stream_capacity
Command: "/home/maowenjun/CS144-Labs/build/tests/byte_stream_capacity"
Directory: /home/maowenjun/CS144-Labs/build
"t_byte_stream_capacity" start time: Mar 17 21:19 CST
Output:
----------------------------------------------------------
<end of output>
Test time =   0.20 sec
----------------------------------------------------------
Test Passed.
"t_byte_stream_capacity" end time: Mar 17 21:19 CST
"t_byte_stream_capacity" time elapsed: 00:00:00
----------------------------------------------------------

30/169 Testing: t_byte_stream_many_writes
30/169 Test: t_byte_stream_many_writes
Command: "/home/maowenjun/CS144-Labs/build/tests/byte_stream_many_writes"
Directory: /home/maowenjun/CS144-Labs/build
"t_byte_stream_many_writes" start time: Mar 17 21:19 CST
Output:
----------------------------------------------------------
<end of output>
Test time =   0.00 sec
----------------------------------------------------------
Test Passed.
"t_byte_stream_many_writes" end time: Mar 17 21:19 CST
"t_byte_stream_many_writes" time elapsed: 00:00:00
----------------------------------------------------------

31/169 Testing: t_webget
31/169 Test: t_webget
Command: "/home/maowenjun/CS144-Labs/tests/webget_t.sh"
Directory: /home/maowenjun/CS144-Labs/build
"t_webget" start time: Mar 17 21:19 CST
Output:
----------------------------------------------------------
Function called: get_URL(cs144.keithw.org, /nph-hasher/xyzzy).
Warning: get_URL() has not been implemented yet.
HTTP/1.1 200 OK
Content-type: text/plain

7SmXqWkrLKzVBCEalbSPqBcvs11Pw263K7x4Wv3JckI
<end of output>
Test time =   1.20 sec
----------------------------------------------------------
Test Passed.
"t_webget" end time: Mar 17 21:19 CST
"t_webget" time elapsed: 00:00:01
----------------------------------------------------------

34/169 Testing: t_tcp_parser
34/169 Test: t_tcp_parser
Command: "/home/maowenjun/CS144-Labs/build/tests/tcp_parser" "/home/maowenjun/CS144-Labs/tests/ipv4_parser.data"
Directory: /home/maowenjun/CS144-Labs/build
"t_tcp_parser" start time: Mar 17 21:19 CST
Output:
----------------------------------------------------------
<end of output>
Test time =   0.00 sec
----------------------------------------------------------
Test Passed.
"t_tcp_parser" end time: Mar 17 21:19 CST
"t_tcp_parser" time elapsed: 00:00:00
----------------------------------------------------------

35/169 Testing: t_ipv4_parser
35/169 Test: t_ipv4_parser
Command: "/home/maowenjun/CS144-Labs/build/tests/ipv4_parser" "/home/maowenjun/CS144-Labs/tests/ipv4_parser.data"
Directory: /home/maowenjun/CS144-Labs/build
"t_ipv4_parser" start time: Mar 17 21:19 CST
Output:
----------------------------------------------------------
<end of output>
Test time =   0.00 sec
----------------------------------------------------------
Test Passed.
"t_ipv4_parser" end time: Mar 17 21:19 CST
"t_ipv4_parser" time elapsed: 00:00:00
----------------------------------------------------------

36/169 Testing: t_active_close
36/169 Test: t_active_close
Command: "/home/maowenjun/CS144-Labs/build/tests/fsm_active_close"
Directory: /home/maowenjun/CS144-Labs/build
"t_active_close" start time: Mar 17 21:19 CST
Output:
----------------------------------------------------------
<end of output>
Test time =   0.00 sec
----------------------------------------------------------
Test Passed.
"t_active_close" end time: Mar 17 21:19 CST
"t_active_close" time elapsed: 00:00:00
----------------------------------------------------------

37/169 Testing: t_passive_close
37/169 Test: t_passive_close
Command: "/home/maowenjun/CS144-Labs/build/tests/fsm_passive_close"
Directory: /home/maowenjun/CS144-Labs/build
"t_passive_close" start time: Mar 17 21:19 CST
Output:
----------------------------------------------------------
<end of output>
Test time =   0.00 sec
----------------------------------------------------------
Test Passed.
"t_passive_close" end time: Mar 17 21:19 CST
"t_passive_close" time elapsed: 00:00:00
----------------------------------------------------------

39/169 Testing: t_ack_rst
39/169 Test: t_ack_rst
Command: "/home/maowenjun/CS144-Labs/build/tests/fsm_ack_rst_relaxed"
Directory: /home/maowenjun/CS144-Labs/build
"t_ack_rst" start time: Mar 17 21:19 CST
Output:
----------------------------------------------------------
Test 1
Test 2
Test 3
Warning: Unclean shutdown of TCPConnection
Warning: Unclean shutdown of TCPConnection
Warning: Unclean shutdown of TCPConnection
Warning: Unclean shutdown of TCPConnection
Warning: Unclean shutdown of TCPConnection
Warning: Unclean shutdown of TCPConnection
Warning: Unclean shutdown of TCPConnection
Warning: Unclean shutdown of TCPConnection
Warning: Unclean shutdown of TCPConnection
Test 4
Test 5
Warning: Unclean shutdown of TCPConnection
Warning: Unclean shutdown of TCPConnection
<end of output>
Test time =   0.00 sec
----------------------------------------------------------
Test Passed.
"t_ack_rst" end time: Mar 17 21:19 CST
"t_ack_rst" time elapsed: 00:00:00
----------------------------------------------------------

41/169 Testing: t_ack_rst_win
41/169 Test: t_ack_rst_win
Command: "/home/maowenjun/CS144-Labs/build/tests/fsm_ack_rst_win_relaxed"
Directory: /home/maowenjun/CS144-Labs/build
"t_ack_rst_win" start time: Mar 17 21:19 CST
Output:
----------------------------------------------------------
<end of output>
Test time =   0.00 sec
----------------------------------------------------------
Test Passed.
"t_ack_rst_win" end time: Mar 17 21:19 CST
"t_ack_rst_win" time elapsed: 00:00:00
----------------------------------------------------------

43/169 Testing: t_connect
43/169 Test: t_connect
Command: "/home/maowenjun/CS144-Labs/build/tests/fsm_connect_relaxed"
Directory: /home/maowenjun/CS144-Labs/build
"t_connect" start time: Mar 17 21:19 CST
Output:
----------------------------------------------------------
Warning: Unclean shutdown of TCPConnection
Warning: Unclean shutdown of TCPConnection
Warning: Unclean shutdown of TCPConnection
<end of output>
Test time =   0.00 sec
----------------------------------------------------------
Test Passed.
"t_connect" end time: Mar 17 21:19 CST
"t_connect" time elapsed: 00:00:00
----------------------------------------------------------

45/169 Testing: t_listen
45/169 Test: t_listen
Command: "/home/maowenjun/CS144-Labs/build/tests/fsm_listen_relaxed"
Directory: /home/maowenjun/CS144-Labs/build
"t_listen" start time: Mar 17 21:19 CST
Output:
----------------------------------------------------------
Warning: Unclean shutdown of TCPConnection
<end of output>
Test time =   0.00 sec
----------------------------------------------------------
Test Passed.
"t_listen" end time: Mar 17 21:19 CST
"t_listen" time elapsed: 00:00:00
----------------------------------------------------------

46/169 Testing: t_winsize
46/169 Test: t_winsize
Command: "/home/maowenjun/CS144-Labs/build/tests/fsm_winsize"
Directory: /home/maowenjun/CS144-Labs/build
"t_winsize" start time: Mar 17 21:19 CST
Output:
----------------------------------------------------------
Warning: Unclean shutdown of TCPConnection
Warning: Unclean shutdown of TCPConnection
Warning: Unclean shutdown of TCPConnection
Warning: Unclean shutdown of TCPConnection
Warning: Unclean shutdown of TCPConnection
Warning: Unclean shutdown of TCPConnection
Warning: Unclean shutdown of TCPConnection
Warning: Unclean shutdown of TCPConnection
Warning: Unclean shutdown of TCPConnection
Warning: Unclean shutdown of TCPConnection
Warning: Unclean shutdown of TCPConnection
Warning: Unclean shutdown of TCPConnection
Warning: Unclean shutdown of TCPConnection
Warning: Unclean shutdown of TCPConnection
Warning: Unclean shutdown of TCPConnection
Warning: Unclean shutdown of TCPConnection
Warning: Unclean shutdown of TCPConnection
Warning: Unclean shutdown of TCPConnection
Warning: Unclean shutdown of TCPConnection
Warning: Unclean shutdown of TCPConnection
Warning: Unclean shutdown of TCPConnection
Warning: Unclean shutdown of TCPConnection
Warning: Unclean shutdown of TCPConnection
Warning: Unclean shutdown of TCPConnection
Warning: Unclean shutdown of TCPConnection
Warning: Unclean shutdown of TCPConnection
Warning: Unclean shutdown of TCPConnection
Warning: Unclean shutdown of TCPConnection
Warning: Unclean shutdown of TCPConnection
Warning: Unclean shutdown of TCPConnection
Warning: Unclean shutdown of TCPConnection
Warning: Unclean shutdown of TCPConnection
<end of output>
Test time =   0.02 sec
----------------------------------------------------------
Test Passed.
"t_winsize" end time: Mar 17 21:19 CST
"t_winsize" time elapsed: 00:00:00
----------------------------------------------------------

48/169 Testing: t_retx
48/169 Test: t_retx
Command: "/home/maowenjun/CS144-Labs/build/tests/fsm_retx_relaxed"
Directory: /home/maowenjun/CS144-Labs/build
"t_retx" start time: Mar 17 21:19 CST
Output:
----------------------------------------------------------
  check_segment
  check_segment
  check_segment
  check_segment
  check_segment
  check_segment
  check_segment
  check_segment
  check_segment
<end of output>
Test time =   0.00 sec
----------------------------------------------------------
Test Passed.
"t_retx" end time: Mar 17 21:19 CST
"t_retx" time elapsed: 00:00:00
----------------------------------------------------------

49/169 Testing: t_retx_win
49/169 Test: t_retx_win
Command: "/home/maowenjun/CS144-Labs/build/tests/fsm_retx_win"
Directory: /home/maowenjun/CS144-Labs/build
"t_retx_win" start time: Mar 17 21:19 CST
Output:
----------------------------------------------------------
  check_segment
  check_segment
  check_segment
  check_segment
Warning: Unclean shutdown of TCPConnection
  check_segment
  check_segment
  check_segment
  check_segment
Warning: Unclean shutdown of TCPConnection
  check_segment
  check_segment
  check_segment
  check_segment
Warning: Unclean shutdown of TCPConnection
  check_segment
  check_segment
  check_segment
  check_segment
Warning: Unclean shutdown of TCPConnection
  check_segment
  check_segment
  check_segment
  check_segment
  check_segment
Warning: Unclean shutdown of TCPConnection
  check_segment
  check_segment
  check_segment
  check_segment
  check_segment
  check_segment
Warning: Unclean shutdown of TCPConnection
  check_segment
  check_segment
  check_segment
  check_segment
  check_segment
  check_segment
  check_segment
Warning: Unclean shutdown of TCPConnection
  check_segment
  check_segment
  check_segment
  check_segment
  check_segment
  check_segment
  check_segment
  check_segment
Warning: Unclean shutdown of TCPConnection
  check_segment
  check_segment
  check_segment
  check_segment
  check_segment
  check_segment
  check_segment
  check_segment
  check_segment
Warning: Unclean shutdown of TCPConnection
  check_segment
  check_segment
  check_segment
  check_segment
  check_segment
  check_segment
  check_segment
  check_segment
  check_segment
  check_segment
Warning: Unclean shutdown of TCPConnection
<end of output>
Test time =   0.00 sec
----------------------------------------------------------
Test Passed.
"t_retx_win" end time: Mar 17 21:19 CST
"t_retx_win" time elapsed: 00:00:00
----------------------------------------------------------

50/169 Testing: t_loopback
50/169 Test: t_loopback
Command: "/home/maowenjun/CS144-Labs/build/tests/fsm_loopback"
Directory: /home/maowenjun/CS144-Labs/build
"t_loopback" start time: Mar 17 21:19 CST
Output:
----------------------------------------------------------
Warning: Unclean shutdown of TCPConnection
Warning: Unclean shutdown of TCPConnection
Warning: Unclean shutdown of TCPConnection
Warning: Unclean shutdown of TCPConnection
Warning: Unclean shutdown of TCPConnection
Warning: Unclean shutdown of TCPConnection
Warning: Unclean shutdown of TCPConnection
Warning: Unclean shutdown of TCPConnection
Warning: Unclean shutdown of TCPConnection
Warning: Unclean shutdown of TCPConnection
Warning: Unclean shutdown of TCPConnection
Warning: Unclean shutdown of TCPConnection
Warning: Unclean shutdown of TCPConnection
Warning: Unclean shutdown of TCPConnection
Warning: Unclean shutdown of TCPConnection
Warning: Unclean shutdown of TCPConnection
Warning: Unclean shutdown of TCPConnection
Warning: Unclean shutdown of TCPConnection
Warning: Unclean shutdown of TCPConnection
Warning: Unclean shutdown of TCPConnection
Warning: Unclean shutdown of TCPConnection
Warning: Unclean shutdown of TCPConnection
Warning: Unclean shutdown of TCPConnection
Warning: Unclean shutdown of TCPConnection
Warning: Unclean shutdown of TCPConnection
Warning: Unclean shutdown of TCPConnection
Warning: Unclean shutdown of TCPConnection
Warning: Unclean shutdown of TCPConnection
Warning: Unclean shutdown of TCPConnection
Warning: Unclean shutdown of TCPConnection
Warning: Unclean shutdown of TCPConnection
Warning: Unclean shutdown of TCPConnection
Warning: Unclean shutdown of TCPConnection
Warning: Unclean shutdown of TCPConnection
Warning: Unclean shutdown of TCPConnection
Warning: Unclean shutdown of TCPConnection
Warning: Unclean shutdown of TCPConnection
Warning: Unclean shutdown of TCPConnection
Warning: Unclean shutdown of TCPConnection
Warning: Unclean shutdown of TCPConnection
Warning: Unclean shutdown of TCPConnection
Warning: Unclean shutdown of TCPConnection
Warning: Unclean shutdown of TCPConnection
Warning: Unclean shutdown of TCPConnection
Warning: Unclean shutdown of TCPConnection
Warning: Unclean shutdown of TCPConnection
Warning: Unclean shutdown of TCPConnection
Warning: Unclean shutdown of TCPConnection
Warning: Unclean shutdown of TCPConnection
Warning: Unclean shutdown of TCPConnection
Warning: Unclean shutdown of TCPConnection
Warning: Unclean shutdown of TCPConnection
Warning: Unclean shutdown of TCPConnection
Warning: Unclean shutdown of TCPConnection
Warning: Unclean shutdown of TCPConnection
Warning: Unclean shutdown of TCPConnection
Warning: Unclean shutdown of TCPConnection
Warning: Unclean shutdown of TCPConnection
Warning: Unclean shutdown of TCPConnection
Warning: Unclean shutdown of TCPConnection
Warning: Unclean shutdown of TCPConnection
Warning: Unclean shutdown of TCPConnection
Warning: Unclean shutdown of TCPConnection
Warning: Unclean shutdown of TCPConnection
<end of output>
Test time =   0.27 sec
----------------------------------------------------------
Test Passed.
"t_loopback" end time: Mar 17 21:19 CST
"t_loopback" time elapsed: 00:00:00
----------------------------------------------------------

51/169 Testing: t_loopback_win
51/169 Test: t_loopback_win
Command: "/home/maowenjun/CS144-Labs/build/tests/fsm_loopback_win"
Directory: /home/maowenjun/CS144-Labs/build
"t_loopback_win" start time: Mar 17 21:19 CST
Output:
----------------------------------------------------------
Warning: Unclean shutdown of TCPConnection
Warning: Unclean shutdown of TCPConnection
Warning: Unclean shutdown of TCPConnection
Warning: Unclean shutdown of TCPConnection
Warning: Unclean shutdown of TCPConnection
Warning: Unclean shutdown of TCPConnection
Warning: Unclean shutdown of TCPConnection
Warning: Unclean shutdown of TCPConnection
Warning: Unclean shutdown of TCPConnection
Warning: Unclean shutdown of TCPConnection
Warning: Unclean shutdown of TCPConnection
Warning: Unclean shutdown of TCPConnection
Warning: Unclean shutdown of TCPConnection
Warning: Unclean shutdown of TCPConnection
Warning: Unclean shutdown of TCPConnection
Warning: Unclean shutdown of TCPConnection
Warning: Unclean shutdown of TCPConnection
Warning: Unclean shutdown of TCPConnection
Warning: Unclean shutdown of TCPConnection
Warning: Unclean shutdown of TCPConnection
Warning: Unclean shutdown of TCPConnection
Warning: Unclean shutdown of TCPConnection
Warning: Unclean shutdown of TCPConnection
Warning: Unclean shutdown of TCPConnection
Warning: Unclean shutdown of TCPConnection
Warning: Unclean shutdown of TCPConnection
Warning: Unclean shutdown of TCPConnection
Warning: Unclean shutdown of TCPConnection
Warning: Unclean shutdown of TCPConnection
Warning: Unclean shutdown of TCPConnection
Warning: Unclean shutdown of TCPConnection
Warning: Unclean shutdown of TCPConnection
<end of output>
Test time =   0.14 sec
----------------------------------------------------------
Test Passed.
"t_loopback_win" end time: Mar 17 21:19 CST
"t_loopback_win" time elapsed: 00:00:00
----------------------------------------------------------

52/169 Testing: t_reorder
52/169 Test: t_reorder
Command: "/home/maowenjun/CS144-Labs/build/tests/fsm_reorder"
Directory: /home/maowenjun/CS144-Labs/build
"t_reorder" start time: Mar 17 21:19 CST
Output:
----------------------------------------------------------
Warning: Unclean shutdown of TCPConnection
Warning: Unclean shutdown of TCPConnection
Warning: Unclean shutdown of TCPConnection
Warning: Unclean shutdown of TCPConnection
Warning: Unclean shutdown of TCPConnection
Warning: Unclean shutdown of TCPConnection
Warning: Unclean shutdown of TCPConnection
Warning: Unclean shutdown of TCPConnection
Warning: Unclean shutdown of TCPConnection
Warning: Unclean shutdown of TCPConnection
Warning: Unclean shutdown of TCPConnection
Warning: Unclean shutdown of TCPConnection
Warning: Unclean shutdown of TCPConnection
Warning: Unclean shutdown of TCPConnection
Warning: Unclean shutdown of TCPConnection
Warning: Unclean shutdown of TCPConnection
Warning: Unclean shutdown of TCPConnection
Warning: Unclean shutdown of TCPConnection
Warning: Unclean shutdown of TCPConnection
Warning: Unclean shutdown of TCPConnection
Warning: Unclean shutdown of TCPConnection
Warning: Unclean shutdown of TCPConnection
Warning: Unclean shutdown of TCPConnection
Warning: Unclean shutdown of TCPConnection
Warning: Unclean shutdown of TCPConnection
Warning: Unclean shutdown of TCPConnection
Warning: Unclean shutdown of TCPConnection
Warning: Unclean shutdown of TCPConnection
Warning: Unclean shutdown of TCPConnection
Warning: Unclean shutdown of TCPConnection
Warning: Unclean shutdown of TCPConnection
Warning: Unclean shutdown of TCPConnection
Warning: Unclean shutdown of TCPConnection
Warning: Unclean shutdown of TCPConnection
Warning: Unclean shutdown of TCPConnection
Warning: Unclean shutdown of TCPConnection
Warning: Unclean shutdown of TCPConnection
Warning: Unclean shutdown of TCPConnection
Warning: Unclean shutdown of TCPConnection
Warning: Unclean shutdown of TCPConnection
Warning: Unclean shutdown of TCPConnection
Warning: Unclean shutdown of TCPConnection
Warning: Unclean shutdown of TCPConnection
Warning: Unclean shutdown of TCPConnection
Warning: Unclean shutdown of TCPConnection
Warning: Unclean shutdown of TCPConnection
Warning: Unclean shutdown of TCPConnection
Warning: Unclean shutdown of TCPConnection
Warning: Unclean shutdown of TCPConnection
Warning: Unclean shutdown of TCPConnection
Warning: Unclean shutdown of TCPConnection
Warning: Unclean shutdown of TCPConnection
Warning: Unclean shutdown of TCPConnection
Warning: Unclean shutdown of TCPConnection
Warning: Unclean shutdown of TCPConnection
Warning: Unclean shutdown of TCPConnection
Warning: Unclean shutdown of TCPConnection
Warning: Unclean shutdown of TCPConnection
Warning: Unclean shutdown of TCPConnection
Warning: Unclean shutdown of TCPConnection
Warning: Unclean shutdown of TCPConnection
Warning: Unclean shutdown of TCPConnection
Warning: Unclean shutdown of TCPConnection
Warning: Unclean shutdown of TCPConnection
<end of output>
Test time =   0.27 sec
----------------------------------------------------------
Test Passed.
"t_reorder" end time: Mar 17 21:19 CST
"t_reorder" time elapsed: 00:00:00
----------------------------------------------------------

53/169 Testing: t_address_dt
53/169 Test: t_address_dt
Command: "/home/maowenjun/CS144-Labs/build/doctests/address_dt"
Directory: /home/maowenjun/CS144-Labs/build
"t_address_dt" start time: Mar 17 21:19 CST
Output:
----------------------------------------------------------
<end of output>
Test time =   0.00 sec
----------------------------------------------------------
Test Passed.
"t_address_dt" end time: Mar 17 21:19 CST
"t_address_dt" time elapsed: 00:00:00
----------------------------------------------------------

54/169 Testing: t_parser_dt
54/169 Test: t_parser_dt
Command: "/home/maowenjun/CS144-Labs/build/doctests/parser_dt"
Directory: /home/maowenjun/CS144-Labs/build
"t_parser_dt" start time: Mar 17 21:19 CST
Output:
----------------------------------------------------------
<end of output>
Test time =   0.00 sec
----------------------------------------------------------
Test Passed.
"t_parser_dt" end time: Mar 17 21:19 CST
"t_parser_dt" time elapsed: 00:00:00
----------------------------------------------------------

55/169 Testing: t_socket_dt
55/169 Test: t_socket_dt
Command: "/home/maowenjun/CS144-Labs/build/doctests/socket_dt"
Directory: /home/maowenjun/CS144-Labs/build
"t_socket_dt" start time: Mar 17 21:19 CST
Output:
----------------------------------------------------------
<end of output>
Test time =   0.00 sec
----------------------------------------------------------
Test Passed.
"t_socket_dt" end time: Mar 17 21:19 CST
"t_socket_dt" time elapsed: 00:00:00
----------------------------------------------------------

56/169 Testing: t_udp_client_send
56/169 Test: t_udp_client_send
Command: "/home/maowenjun/CS144-Labs/txrx.sh" "-ucS"
Directory: /home/maowenjun/CS144-Labs/build
"t_udp_client_send" start time: Mar 17 21:19 CST
Output:
----------------------------------------------------------
DEBUG: Listening for incoming connection... DEBUG: Connecting to 169.254.144.1:15181... done.
new connection from 169.254.144.1:35247.
DEBUG: Outbound stream to 169.254.144.1:35247 finished (1 byte still in flight).
DEBUG: Outbound stream to 169.254.144.1:15181 finished (33 bytes still in flight).
DEBUG: Inbound stream from 169.254.144.1:15181 finished cleanly.
DEBUG: Waiting for clean shutdown... DEBUG: Outbound stream to 169.254.144.1:35247 has been fully acknowledged.
DEBUG: Inbound stream from 169.254.144.1:35247 finished cleanly.
DEBUG: Waiting for lingering segments (e.g. retransmissions of FIN) from peer...
DEBUG: Outbound stream to 169.254.144.1:15181 has been fully acknowledged.
DEBUG: TCP connection finished cleanly.
done.
DEBUG: Waiting for clean shutdown... DEBUG: TCP connection finished cleanly.
done.
<end of output>
Test time =   0.23 sec
----------------------------------------------------------
Test Passed.
"t_udp_client_send" end time: Mar 17 21:19 CST
"t_udp_client_send" time elapsed: 00:00:00
----------------------------------------------------------

57/169 Testing: t_udp_server_send
57/169 Test: t_udp_server_send
Command: "/home/maowenjun/CS144-Labs/txrx.sh" "-usS"
Directory: /home/maowenjun/CS144-Labs/build
"t_udp_server_send" start time: Mar 17 21:19 CST
Output:
----------------------------------------------------------
DEBUG: Listening for incoming connection... DEBUG: Connecting to 169.254.144.1:10541... done.
new connection from 169.254.144.1:41005.
DEBUG: Outbound stream to 169.254.144.1:10541 finished (1 byte still in flight).
DEBUG: Inbound stream from 169.254.144.1:41005 finished cleanly.
DEBUG: Outbound stream to 169.254.144.1:10541 has been fully acknowledged.
DEBUG: Waiting for clean shutdown... DEBUG: Outbound stream to 169.254.144.1:41005 finished (33 bytes still in flight).
DEBUG: Inbound stream from 169.254.144.1:10541 finished cleanly.
DEBUG: Waiting for lingering segments (e.g. retransmissions of FIN) from peer...
DEBUG: Outbound stream to 169.254.144.1:41005 has been fully acknowledged.
DEBUG: TCP connection finished cleanly.
done.
DEBUG: Waiting for clean shutdown... DEBUG: TCP connection finished cleanly.
done.
<end of output>
Test time =   0.23 sec
----------------------------------------------------------
Test Passed.
"t_udp_server_send" end time: Mar 17 21:19 CST
"t_udp_server_send" time elapsed: 00:00:00
----------------------------------------------------------

58/169 Testing: t_udp_client_recv
58/169 Test: t_udp_client_recv
Command: "/home/maowenjun/CS144-Labs/txrx.sh" "-ucR"
Directory: /home/maowenjun/CS144-Labs/build
"t_udp_client_recv" start time: Mar 17 21:19 CST
Output:
----------------------------------------------------------
DEBUG: Listening for incoming connection... DEBUG: Connecting to 169.254.144.1:11423... done.
new connection from 169.254.144.1:33868.
DEBUG: Outbound stream to 169.254.144.1:11423 finished (1 byte still in flight).
DEBUG: Inbound stream from 169.254.144.1:33868 finished cleanly.
DEBUG: Outbound stream to 169.254.144.1:11423 has been fully acknowledged.
DEBUG: Waiting for clean shutdown... DEBUG: Outbound stream to 169.254.144.1:33868 finished (33 bytes still in flight).
DEBUG: Inbound stream from 169.254.144.1:11423 finished cleanly.
DEBUG: Waiting for lingering segments (e.g. retransmissions of FIN) from peer...
DEBUG: Outbound stream to 169.254.144.1:33868 has been fully acknowledged.
DEBUG: TCP connection finished cleanly.
done.
DEBUG: Waiting for clean shutdown... DEBUG: TCP connection finished cleanly.
done.
<end of output>
Test time =   0.23 sec
----------------------------------------------------------
Test Passed.
"t_udp_client_recv" end time: Mar 17 21:19 CST
"t_udp_client_recv" time elapsed: 00:00:00
----------------------------------------------------------

59/169 Testing: t_udp_server_recv
59/169 Test: t_udp_server_recv
Command: "/home/maowenjun/CS144-Labs/txrx.sh" "-usR"
Directory: /home/maowenjun/CS144-Labs/build
"t_udp_server_recv" start time: Mar 17 21:19 CST
Output:
----------------------------------------------------------
DEBUG: Listening for incoming connection... DEBUG: Connecting to 169.254.144.1:9362... done.
new connection from 169.254.144.1:55229.
DEBUG: Outbound stream to 169.254.144.1:55229 finished (1 byte still in flight).
DEBUG: Inbound stream from 169.254.144.1:9362 finished cleanly.
DEBUG: Waiting for clean shutdown... DEBUG: Outbound stream to 169.254.144.1:9362 finished (33 bytes still in flight).
DEBUG: Outbound stream to 169.254.144.1:55229 has been fully acknowledged.
DEBUG: Inbound stream from 169.254.144.1:55229 finished cleanly.
DEBUG: Waiting for lingering segments (e.g. retransmissions of FIN) from peer...
DEBUG: Outbound stream to 169.254.144.1:9362 has been fully acknowledged.
DEBUG: TCP connection finished cleanly.
done.
DEBUG: Waiting for clean shutdown... DEBUG: TCP connection finished cleanly.
done.
<end of output>
Test time =   0.23 sec
----------------------------------------------------------
Test Passed.
"t_udp_server_recv" end time: Mar 17 21:19 CST
"t_udp_server_recv" time elapsed: 00:00:00
----------------------------------------------------------

60/169 Testing: t_udp_client_dupl
60/169 Test: t_udp_client_dupl
Command: "/home/maowenjun/CS144-Labs/txrx.sh" "-ucD"
Directory: /home/maowenjun/CS144-Labs/build
"t_udp_client_dupl" start time: Mar 17 21:19 CST
Output:
----------------------------------------------------------
DEBUG: Listening for incoming connection... DEBUG: Connecting to 169.254.144.1:2275... done.
new connection from 169.254.144.1:52288.
DEBUG: Outbound stream to 169.254.144.1:2275 finished (33 bytes still in flight).
DEBUG: Inbound stream from 169.254.144.1:52288 finished cleanly.
DEBUG: Outbound stream to DEBUG: Outbound stream to 169.254.144.1:52288 finished (169.254.144.1:2275 has been fully acknowledged.
33 bytes still in flight).
DEBUG: Inbound stream from DEBUG: Waiting for clean shutdown... 169.254.144.1:2275 finished cleanly.
DEBUG: Waiting for lingering segments (e.g. retransmissions of FIN) from peer...
DEBUG: Outbound stream to 169.254.144.1:52288 has been fully acknowledged.
DEBUG: TCP connection finished cleanly.
done.
DEBUG: Waiting for clean shutdown... DEBUG: TCP connection finished cleanly.
done.
<end of output>
Test time =   0.23 sec
----------------------------------------------------------
Test Passed.
"t_udp_client_dupl" end time: Mar 17 21:19 CST
"t_udp_client_dupl" time elapsed: 00:00:00
----------------------------------------------------------

61/169 Testing: t_udp_server_dupl
61/169 Test: t_udp_server_dupl
Command: "/home/maowenjun/CS144-Labs/txrx.sh" "-usD"
Directory: /home/maowenjun/CS144-Labs/build
"t_udp_server_dupl" start time: Mar 17 21:19 CST
Output:
----------------------------------------------------------
DEBUG: Listening for incoming connection... DEBUG: Connecting to 169.254.144.1:15318... done.
new connection from 169.254.144.1:48284.
DEBUG: Outbound stream to 169.254.144.1:15318 finished (33 bytes still in flight).
DEBUG: Inbound stream from 169.254.144.1:48284 finished cleanly.
DEBUG: Outbound stream to DEBUG: Outbound stream to 169.254.144.1:15318 has been fully acknowledged.
169.254.144.1:48284 finished (33 bytes still in flight).
DEBUG: Waiting for clean shutdown... DEBUG: Inbound stream from 169.254.144.1:15318 finished cleanly.
DEBUG: Waiting for lingering segments (e.g. retransmissions of FIN) from peer...
DEBUG: Outbound stream to 169.254.144.1:48284 has been fully acknowledged.
DEBUG: TCP connection finished cleanly.
DEBUG: Waiting for clean shutdown... done.
DEBUG: TCP connection finished cleanly.
done.
<end of output>
Test time =   0.23 sec
----------------------------------------------------------
Test Passed.
"t_udp_server_dupl" end time: Mar 17 21:19 CST
"t_udp_server_dupl" time elapsed: 00:00:00
----------------------------------------------------------

62/169 Testing: t_ucS_1M_32k
62/169 Test: t_ucS_1M_32k
Command: "/home/maowenjun/CS144-Labs/txrx.sh" "-ucSd" "1M" "-w" "32K"
Directory: /home/maowenjun/CS144-Labs/build
"t_ucS_1M_32k" start time: Mar 17 21:19 CST
Output:
----------------------------------------------------------
DEBUG: Listening for incoming connection... DEBUG: Connecting to 169.254.144.1:30700... done.
new connection from 169.254.144.1:56122.
DEBUG: Outbound stream to 169.254.144.1:56122 finished (1 byte still in flight).
DEBUG: Inbound stream from 169.254.144.1:30700 finished cleanly.
DEBUG: Outbound stream to 169.254.144.1:56122 has been fully acknowledged.
DEBUG: Waiting for clean shutdown... DEBUG: Outbound stream to 169.254.144.1:30700 finished (30768 bytes still in flight).
DEBUG: Inbound stream from 169.254.144.1:56122 finished cleanly.
DEBUG: Waiting for lingering segments (e.g. retransmissions of FIN) from peer...
DEBUG: Outbound stream to 169.254.144.1:30700 has been fully acknowledged.
DEBUG: TCP connection finished cleanly.
done.
DEBUG: Waiting for clean shutdown... DEBUG: TCP connection finished cleanly.
done.
<end of output>
Test time =   0.30 sec
----------------------------------------------------------
Test Passed.
"t_ucS_1M_32k" end time: Mar 17 21:19 CST
"t_ucS_1M_32k" time elapsed: 00:00:00
----------------------------------------------------------

63/169 Testing: t_ucS_128K_8K
63/169 Test: t_ucS_128K_8K
Command: "/home/maowenjun/CS144-Labs/txrx.sh" "-ucSd" "128K" "-w" "8K"
Directory: /home/maowenjun/CS144-Labs/build
"t_ucS_128K_8K" start time: Mar 17 21:19 CST
Output:
----------------------------------------------------------
DEBUG: Listening for incoming connection... DEBUG: Connecting to 169.254.144.1:18586... done.
new connection from 169.254.144.1:59812.
DEBUG: Outbound stream to 169.254.144.1:59812 finished (1 byte still in flight).
DEBUG: Inbound stream from 169.254.144.1:18586 finished cleanly.
DEBUG: Outbound stream to 169.254.144.1:59812 has been fully acknowledged.
DEBUG: Waiting for clean shutdown... DEBUG: Outbound stream to 169.254.144.1:18586 finished (6192 bytes still in flight).
DEBUG: Inbound stream from 169.254.144.1:59812 finished cleanly.
DEBUG: Waiting for lingering segments (e.g. retransmissions of FIN) from peer...
DEBUG: Outbound stream to 169.254.144.1:18586 has been fully acknowledged.
DEBUG: TCP connection finished cleanly.
done.
DEBUG: Waiting for clean shutdown... DEBUG: TCP connection finished cleanly.
done.
<end of output>
Test time =   0.24 sec
----------------------------------------------------------
Test Passed.
"t_ucS_128K_8K" end time: Mar 17 21:19 CST
"t_ucS_128K_8K" time elapsed: 00:00:00
----------------------------------------------------------

64/169 Testing: t_ucS_16_1
64/169 Test: t_ucS_16_1
Command: "/home/maowenjun/CS144-Labs/txrx.sh" "-ucSd" "16" "-w" "1"
Directory: /home/maowenjun/CS144-Labs/build
"t_ucS_16_1" start time: Mar 17 21:19 CST
Output:
----------------------------------------------------------
DEBUG: Listening for incoming connection... DEBUG: Connecting to 169.254.144.1:26414... done.
new connection from 169.254.144.1:50043.
DEBUG: Outbound stream to 169.254.144.1:50043 finished (1 byte still in flight).
DEBUG: Outbound stream to 169.254.144.1:26414 finished (1 byte still in flight).
DEBUG: Inbound stream from 169.254.144.1:26414 finished cleanly.
DEBUG: Outbound stream to 169.254.144.1:50043 has been fully acknowledged.
DEBUG: Waiting for clean shutdown... DEBUG: Inbound stream from 169.254.144.1:50043 finished cleanly.
DEBUG: Waiting for lingering segments (e.g. retransmissions of FIN) from peer...
DEBUG: Outbound stream to 169.254.144.1:26414 has been fully acknowledged.
DEBUG: TCP connection finished cleanly.
DEBUG: Waiting for clean shutdown... done.
DEBUG: TCP connection finished cleanly.
done.
<end of output>
Test time =   0.24 sec
----------------------------------------------------------
Test Passed.
"t_ucS_16_1" end time: Mar 17 21:19 CST
"t_ucS_16_1" time elapsed: 00:00:00
----------------------------------------------------------

65/169 Testing: t_ucS_32K_d
65/169 Test: t_ucS_32K_d
Command: "/home/maowenjun/CS144-Labs/txrx.sh" "-ucSd" "32K"
Directory: /home/maowenjun/CS144-Labs/build
"t_ucS_32K_d" start time: Mar 17 21:19 CST
Output:
----------------------------------------------------------
DEBUG: Listening for incoming connection... DEBUG: Connecting to 169.254.144.1:4329... done.
new connection from 169.254.144.1:55270.
DEBUG: Outbound stream to 169.254.144.1:55270 finished (1 byte still in flight).
DEBUG: Inbound stream from 169.254.144.1:4329 finished cleanly.
DEBUG: Waiting for clean shutdown... DEBUG: Outbound stream to 169.254.144.1:55270 has been fully acknowledged.
DEBUG: Outbound stream to 169.254.144.1:4329 finished (32769 bytes still in flight).
DEBUG: Inbound stream from 169.254.144.1:55270 finished cleanly.
DEBUG: Waiting for lingering segments (e.g. retransmissions of FIN) from peer...
DEBUG: Outbound stream to 169.254.144.1:4329 has been fully acknowledged.
DEBUG: TCP connection finished cleanly.
done.
DEBUG: Waiting for clean shutdown... DEBUG: TCP connection finished cleanly.
done.
<end of output>
Test time =   0.23 sec
----------------------------------------------------------
Test Passed.
"t_ucS_32K_d" end time: Mar 17 21:19 CST
"t_ucS_32K_d" time elapsed: 00:00:00
----------------------------------------------------------

66/169 Testing: t_ucR_1M_32k
66/169 Test: t_ucR_1M_32k
Command: "/home/maowenjun/CS144-Labs/txrx.sh" "-ucRd" "1M" "-w" "32K"
Directory: /home/maowenjun/CS144-Labs/build
"t_ucR_1M_32k" start time: Mar 17 21:19 CST
Output:
----------------------------------------------------------
DEBUG: Listening for incoming connection... DEBUG: Connecting to 169.254.144.1:26870... done.
new connection from 169.254.144.1:57641.
DEBUG: Outbound stream to 169.254.144.1:26870 finished (1 byte still in flight).
DEBUG: Inbound stream from 169.254.144.1:57641 finished cleanly.
DEBUG: Outbound stream to 169.254.144.1:26870 has been fully acknowledged.
DEBUG: Waiting for clean shutdown... DEBUG: Outbound stream to 169.254.144.1:57641 finished (30768 bytes still in flight).
DEBUG: Inbound stream from 169.254.144.1:26870 finished cleanly.
DEBUG: Waiting for lingering segments (e.g. retransmissions of FIN) from peer...
DEBUG: Outbound stream to 169.254.144.1:57641 has been fully acknowledged.
DEBUG: TCP connection finished cleanly.
done.
DEBUG: Waiting for clean shutdown... DEBUG: TCP connection finished cleanly.
done.
<end of output>
Test time =   0.31 sec
----------------------------------------------------------
Test Passed.
"t_ucR_1M_32k" end time: Mar 17 21:19 CST
"t_ucR_1M_32k" time elapsed: 00:00:00
----------------------------------------------------------

67/169 Testing: t_ucR_128K_8K
67/169 Test: t_ucR_128K_8K
Command: "/home/maowenjun/CS144-Labs/txrx.sh" "-ucRd" "128K" "-w" "8K"
Directory: /home/maowenjun/CS144-Labs/build
"t_ucR_128K_8K" start time: Mar 17 21:19 CST
Output:
----------------------------------------------------------
DEBUG: Listening for incoming connection... DEBUG: Connecting to 169.254.144.1:24870... done.
new connection from 169.254.144.1:52365.
DEBUG: Outbound stream to 169.254.144.1:24870 finished (1 byte still in flight).
DEBUG: Inbound stream from 169.254.144.1:52365 finished cleanly.
DEBUG: Outbound stream to 169.254.144.1:24870 has been fully acknowledged.
DEBUG: Waiting for clean shutdown... DEBUG: Outbound stream to 169.254.144.1:52365 finished (6192 bytes still in flight).
DEBUG: Inbound stream from 169.254.144.1:24870 finished cleanly.
DEBUG: Waiting for lingering segments (e.g. retransmissions of FIN) from peer...
DEBUG: Outbound stream to 169.254.144.1:52365 has been fully acknowledged.
DEBUG: TCP connection finished cleanly.
done.
DEBUG: Waiting for clean shutdown... DEBUG: TCP connection finished cleanly.
done.
<end of output>
Test time =   0.24 sec
----------------------------------------------------------
Test Passed.
"t_ucR_128K_8K" end time: Mar 17 21:19 CST
"t_ucR_128K_8K" time elapsed: 00:00:00
----------------------------------------------------------

68/169 Testing: t_ucR_16_1
68/169 Test: t_ucR_16_1
Command: "/home/maowenjun/CS144-Labs/txrx.sh" "-ucRd" "16" "-w" "1"
Directory: /home/maowenjun/CS144-Labs/build
"t_ucR_16_1" start time: Mar 17 21:19 CST
Output:
----------------------------------------------------------
DEBUG: Listening for incoming connection... DEBUG: Connecting to 169.254.144.1:16187... done.
new connection from 169.254.144.1:52773.
DEBUG: Outbound stream to 169.254.144.1:16187 finished (1 byte still in flight).
DEBUG: Inbound stream from 169.254.144.1:52773 finished cleanly.
DEBUG: Outbound stream to 169.254.144.1:16187 has been fully acknowledged.
DEBUG: Waiting for clean shutdown... DEBUG: Outbound stream to 169.254.144.1:52773 finished (1 byte still in flight).
DEBUG: Inbound stream from 169.254.144.1:16187 finished cleanly.
DEBUG: Waiting for lingering segments (e.g. retransmissions of FIN) from peer...
DEBUG: Outbound stream to 169.254.144.1:52773 has been fully acknowledged.
DEBUG: TCP connection finished cleanly.
DEBUG: Waiting for clean shutdown... done.
DEBUG: TCP connection finished cleanly.
done.
<end of output>
Test time =   0.23 sec
----------------------------------------------------------
Test Passed.
"t_ucR_16_1" end time: Mar 17 21:19 CST
"t_ucR_16_1" time elapsed: 00:00:00
----------------------------------------------------------

69/169 Testing: t_ucR_32K_d
69/169 Test: t_ucR_32K_d
Command: "/home/maowenjun/CS144-Labs/txrx.sh" "-ucRd" "32K"
Directory: /home/maowenjun/CS144-Labs/build
"t_ucR_32K_d" start time: Mar 17 21:19 CST
Output:
----------------------------------------------------------
DEBUG: Listening for incoming connection... DEBUG: Connecting to 169.254.144.1:29709... done.
new connection from 169.254.144.1:48138.
DEBUG: Outbound stream to 169.254.144.1:29709 finished (1 byte still in flight).
DEBUG: Inbound stream from 169.254.144.1:48138 finished cleanly.
DEBUG: Outbound stream to 169.254.144.1:29709 has been fully acknowledged.
DEBUG: Waiting for clean shutdown... DEBUG: Outbound stream to 169.254.144.1:48138 finished (32769 bytes still in flight).
DEBUG: Inbound stream from 169.254.144.1:29709 finished cleanly.
DEBUG: Waiting for lingering segments (e.g. retransmissions of FIN) from peer...
DEBUG: Outbound stream to 169.254.144.1:48138 has been fully acknowledged.
DEBUG: TCP connection finished cleanly.
done.
DEBUG: Waiting for clean shutdown... DEBUG: TCP connection finished cleanly.
done.
<end of output>
Test time =   0.23 sec
----------------------------------------------------------
Test Passed.
"t_ucR_32K_d" end time: Mar 17 21:19 CST
"t_ucR_32K_d" time elapsed: 00:00:00
----------------------------------------------------------

70/169 Testing: t_ucD_1M_32k
70/169 Test: t_ucD_1M_32k
Command: "/home/maowenjun/CS144-Labs/txrx.sh" "-ucDd" "1M" "-w" "32K"
Directory: /home/maowenjun/CS144-Labs/build
"t_ucD_1M_32k" start time: Mar 17 21:19 CST
Output:
----------------------------------------------------------
DEBUG: Listening for incoming connection... DEBUG: Connecting to 169.254.144.1:28323... done.
new connection from 169.254.144.1:40228.
DEBUG: Outbound stream to 169.254.144.1:40228 finished (31768 bytes still in flight).
DEBUG: Outbound stream to 169.254.144.1:28323 finished (31768 bytes still in flight).
DEBUG: Inbound stream from 169.254.144.1:40228 finished cleanly.
DEBUG: Outbound stream to 169.254.144.1:28323 has been fully acknowledged.
DEBUG: Inbound stream from 169.254.144.1:28323 finished cleanly.
DEBUG: Waiting for lingering segments (e.g. retransmissions of FIN) from peer...
DEBUG: Outbound stream to 169.254.144.1:40228 has been fully acknowledged.
DEBUG: Waiting for clean shutdown... DEBUG: Waiting for clean shutdown... DEBUG: TCP connection finished cleanly.
done.
DEBUG: TCP connection finished cleanly.
done.
<end of output>
Test time =   0.34 sec
----------------------------------------------------------
Test Passed.
"t_ucD_1M_32k" end time: Mar 17 21:19 CST
"t_ucD_1M_32k" time elapsed: 00:00:00
----------------------------------------------------------

71/169 Testing: t_ucD_128K_8K
71/169 Test: t_ucD_128K_8K
Command: "/home/maowenjun/CS144-Labs/txrx.sh" "-ucDd" "128K" "-w" "8K"
Directory: /home/maowenjun/CS144-Labs/build
"t_ucD_128K_8K" start time: Mar 17 21:19 CST
Output:
----------------------------------------------------------
DEBUG: Listening for incoming connection... DEBUG: Connecting to 169.254.144.1:19430... done.
new connection from 169.254.144.1:48470.
DEBUG: Outbound stream to DEBUG: Outbound stream to 169.254.144.1:19430 finished (7192 bytes still in flight).
169.254.144.1:48470 finished (7192 bytes still in flight).
DEBUG: Outbound stream to DEBUG: Inbound stream from 169.254.144.1:48470 finished cleanly.
169.254.144.1:19430 has been fully acknowledged.
DEBUG: Inbound stream from 169.254.144.1:19430 finished cleanly.
DEBUG: Waiting for lingering segments (e.g. retransmissions of FIN) from peer...
DEBUG: Outbound stream to 169.254.144.1:48470 has been fully acknowledged.
DEBUG: Waiting for clean shutdown... DEBUG: Waiting for clean shutdown... DEBUG: TCP connection finished cleanly.
DEBUG: TCP connection finished done.
cleanly.
done.
<end of output>
Test time =   0.27 sec
----------------------------------------------------------
Test Passed.
"t_ucD_128K_8K" end time: Mar 17 21:19 CST
"t_ucD_128K_8K" time elapsed: 00:00:00
----------------------------------------------------------

72/169 Testing: t_ucD_16_1
72/169 Test: t_ucD_16_1
Command: "/home/maowenjun/CS144-Labs/txrx.sh" "-ucDd" "16" "-w" "1"
Directory: /home/maowenjun/CS144-Labs/build
"t_ucD_16_1" start time: Mar 17 21:19 CST
Output:
----------------------------------------------------------
DEBUG: Listening for incoming connection... DEBUG: Connecting to 169.254.144.1:15739... done.
new connection from 169.254.144.1:36934.
DEBUG: Outbound stream to 169.254.144.1:15739 finished (1 byte still in flight).
DEBUG: Outbound stream to 169.254.144.1:36934 finished (1 byte still in flight).
DEBUG: Inbound stream from 169.254.144.1:36934 finished cleanly.
DEBUG: Outbound stream to 169.254.144.1:15739 has been fully acknowledged.
DEBUG: Waiting for clean shutdown... DEBUG: Inbound stream from 169.254.144.1:15739 finished cleanly.
DEBUG: Waiting for lingering segments (e.g. retransmissions of FIN) from peer...
DEBUG: Outbound stream to 169.254.144.1:36934 has been fully acknowledged.
DEBUG: Waiting for clean shutdown... DEBUG: TCP connection finished cleanly.
done.
DEBUG: TCP connection finished cleanly.
done.
<end of output>
Test time =   0.23 sec
----------------------------------------------------------
Test Passed.
"t_ucD_16_1" end time: Mar 17 21:19 CST
"t_ucD_16_1" time elapsed: 00:00:00
----------------------------------------------------------

73/169 Testing: t_ucD_32K_d
73/169 Test: t_ucD_32K_d
Command: "/home/maowenjun/CS144-Labs/txrx.sh" "-ucDd" "32K"
Directory: /home/maowenjun/CS144-Labs/build
"t_ucD_32K_d" start time: Mar 17 21:19 CST
Output:
----------------------------------------------------------
DEBUG: Listening for incoming connection... DEBUG: Connecting to 169.254.144.1:2227... done.
new connection from 169.254.144.1:35308.
DEBUG: Outbound stream to 169.254.144.1:2227 finished (32769 bytes still in flight).
DEBUG: Outbound stream to 169.254.144.1:35308 finished (32769 bytes still in flight).
DEBUG: Inbound stream from 169.254.144.1:2227 finished cleanly.
DEBUG: Inbound stream from 169.254.144.1:35308 finished cleanly.
DEBUG: Outbound stream to 169.254.144.1:35308 has been fully acknowledged.
DEBUG: Outbound stream to 169.254.144.1:2227 has been fully acknowledged.
DEBUG: Waiting for clean shutdown... DEBUG: Waiting for clean shutdown... DEBUG: TCP connection finished cleanly.
DEBUG: TCP connection finished cleanly.
done.
done.
<end of output>
Test time =   0.24 sec
----------------------------------------------------------
Test Passed.
"t_ucD_32K_d" end time: Mar 17 21:19 CST
"t_ucD_32K_d" time elapsed: 00:00:00
----------------------------------------------------------

74/169 Testing: t_usS_1M_32k
74/169 Test: t_usS_1M_32k
Command: "/home/maowenjun/CS144-Labs/txrx.sh" "-usSd" "1M" "-w" "32K"
Directory: /home/maowenjun/CS144-Labs/build
"t_usS_1M_32k" start time: Mar 17 21:19 CST
Output:
----------------------------------------------------------
DEBUG: Listening for incoming connection... DEBUG: Connecting to 169.254.144.1:2036... done.
new connection from 169.254.144.1:55286.
DEBUG: Outbound stream to 169.254.144.1:2036 finished (1 byte still in flight).
DEBUG: Inbound stream from 169.254.144.1:55286 finished cleanly.
DEBUG: Outbound stream to 169.254.144.1:2036 has been fully acknowledged.
DEBUG: Waiting for clean shutdown... DEBUG: Outbound stream to 169.254.144.1:55286 finished (30768 bytes still in flight).
DEBUG: Inbound stream from 169.254.144.1:2036 finished cleanly.
DEBUG: Waiting for lingering segments (e.g. retransmissions of FIN) from peer...
DEBUG: Outbound stream to 169.254.144.1:55286 has been fully acknowledged.
DEBUG: TCP connection finished cleanly.
done.
DEBUG: Waiting for clean shutdown... DEBUG: TCP connection finished cleanly.
done.
<end of output>
Test time =   0.32 sec
----------------------------------------------------------
Test Passed.
"t_usS_1M_32k" end time: Mar 17 21:19 CST
"t_usS_1M_32k" time elapsed: 00:00:00
----------------------------------------------------------

75/169 Testing: t_usS_128K_8K
75/169 Test: t_usS_128K_8K
Command: "/home/maowenjun/CS144-Labs/txrx.sh" "-usSd" "128K" "-w" "8K"
Directory: /home/maowenjun/CS144-Labs/build
"t_usS_128K_8K" start time: Mar 17 21:19 CST
Output:
----------------------------------------------------------
DEBUG: Listening for incoming connection... DEBUG: Connecting to 169.254.144.1:5409... done.
new connection from 169.254.144.1:51936.
DEBUG: Outbound stream to 169.254.144.1:5409 finished (1 byte still in flight).
DEBUG: Inbound stream from 169.254.144.1:51936 finished cleanly.
DEBUG: Outbound stream to 169.254.144.1:5409 has been fully acknowledged.
DEBUG: Waiting for clean shutdown... DEBUG: Outbound stream to 169.254.144.1:51936 finished (6192 bytes still in flight).
DEBUG: Inbound stream from 169.254.144.1:5409 finished cleanly.
DEBUG: Waiting for lingering segments (e.g. retransmissions of FIN) from peer...
DEBUG: Outbound stream to 169.254.144.1:51936 has been fully acknowledged.
DEBUG: TCP connection finished cleanly.
done.
DEBUG: Waiting for clean shutdown... DEBUG: TCP connection finished cleanly.
done.
<end of output>
Test time =   0.24 sec
----------------------------------------------------------
Test Passed.
"t_usS_128K_8K" end time: Mar 17 21:19 CST
"t_usS_128K_8K" time elapsed: 00:00:00
----------------------------------------------------------

76/169 Testing: t_usS_16_1
76/169 Test: t_usS_16_1
Command: "/home/maowenjun/CS144-Labs/txrx.sh" "-usSd" "16" "-w" "1"
Directory: /home/maowenjun/CS144-Labs/build
"t_usS_16_1" start time: Mar 17 21:19 CST
Output:
----------------------------------------------------------
DEBUG: Listening for incoming connection... DEBUG: Connecting to 169.254.144.1:15207... done.
new connection from 169.254.144.1:57966.
DEBUG: Outbound stream to 169.254.144.1:15207 finished (1 byte still in flight).
DEBUG: Inbound stream from 169.254.144.1:57966 finished cleanly.
DEBUG: Outbound stream to 169.254.144.1:15207 has been fully acknowledged.
DEBUG: Waiting for clean shutdown... DEBUG: Outbound stream to 169.254.144.1:57966 finished (1 byte still in flight).
DEBUG: Inbound stream from 169.254.144.1:15207 finished cleanly.
DEBUG: Waiting for lingering segments (e.g. retransmissions of FIN) from peer...
DEBUG: Outbound stream to 169.254.144.1:57966 has been fully acknowledged.
DEBUG: TCP connection finished cleanly.
DEBUG: Waiting for clean shutdown... done.
DEBUG: TCP connection finished cleanly.
done.
<end of output>
Test time =   0.23 sec
----------------------------------------------------------
Test Passed.
"t_usS_16_1" end time: Mar 17 21:19 CST
"t_usS_16_1" time elapsed: 00:00:00
----------------------------------------------------------

77/169 Testing: t_usS_32K_d
77/169 Test: t_usS_32K_d
Command: "/home/maowenjun/CS144-Labs/txrx.sh" "-usSd" "32K"
Directory: /home/maowenjun/CS144-Labs/build
"t_usS_32K_d" start time: Mar 17 21:19 CST
Output:
----------------------------------------------------------
DEBUG: Listening for incoming connection... DEBUG: Connecting to 169.254.144.1:11515... done.
new connection from 169.254.144.1:44371.
DEBUG: Outbound stream to 169.254.144.1:11515 finished (1 byte still in flight).
DEBUG: Inbound stream from 169.254.144.1:44371 finished cleanly.
DEBUG: Outbound stream to 169.254.144.1:11515 has been fully acknowledged.
DEBUG: Waiting for clean shutdown... DEBUG: Outbound stream to 169.254.144.1:44371 finished (32769 bytes still in flight).
DEBUG: Inbound stream from 169.254.144.1:11515 finished cleanly.
DEBUG: Waiting for lingering segments (e.g. retransmissions of FIN) from peer...
DEBUG: Outbound stream to 169.254.144.1:44371 has been fully acknowledged.
DEBUG: TCP connection finished cleanly.
done.
DEBUG: Waiting for clean shutdown... DEBUG: TCP connection finished cleanly.
done.
<end of output>
Test time =   0.24 sec
----------------------------------------------------------
Test Passed.
"t_usS_32K_d" end time: Mar 17 21:19 CST
"t_usS_32K_d" time elapsed: 00:00:00
----------------------------------------------------------

78/169 Testing: t_usR_1M_32k
78/169 Test: t_usR_1M_32k
Command: "/home/maowenjun/CS144-Labs/txrx.sh" "-usRd" "1M" "-w" "32K"
Directory: /home/maowenjun/CS144-Labs/build
"t_usR_1M_32k" start time: Mar 17 21:19 CST
Output:
----------------------------------------------------------
DEBUG: Listening for incoming connection... DEBUG: Connecting to 169.254.144.1:8710... done.
new connection from 169.254.144.1:52778.
DEBUG: Outbound stream to 169.254.144.1:52778 finished (1 byte still in flight).
DEBUG: Inbound stream from 169.254.144.1:8710 finished cleanly.
DEBUG: Outbound stream to 169.254.144.1:52778 has been fully acknowledged.
DEBUG: Waiting for clean shutdown... DEBUG: Outbound stream to 169.254.144.1:8710 finished (30768 bytes still in flight).
DEBUG: Inbound stream from 169.254.144.1:52778 finished cleanly.
DEBUG: Waiting for lingering segments (e.g. retransmissions of FIN) from peer...
DEBUG: Outbound stream to 169.254.144.1:8710 has been fully acknowledged.
DEBUG: TCP connection finished cleanly.
done.
DEBUG: Waiting for clean shutdown... DEBUG: TCP connection finished cleanly.
done.
<end of output>
Test time =   0.31 sec
----------------------------------------------------------
Test Passed.
"t_usR_1M_32k" end time: Mar 17 21:19 CST
"t_usR_1M_32k" time elapsed: 00:00:00
----------------------------------------------------------

79/169 Testing: t_usR_128K_8K
79/169 Test: t_usR_128K_8K
Command: "/home/maowenjun/CS144-Labs/txrx.sh" "-usRd" "128K" "-w" "8K"
Directory: /home/maowenjun/CS144-Labs/build
"t_usR_128K_8K" start time: Mar 17 21:19 CST
Output:
----------------------------------------------------------
DEBUG: Listening for incoming connection... DEBUG: Connecting to 169.254.144.1:27282... done.
new connection from 169.254.144.1:60638.
DEBUG: Outbound stream to 169.254.144.1:60638 finished (1 byte still in flight).
DEBUG: Inbound stream from 169.254.144.1:27282 finished cleanly.
DEBUG: Outbound stream to 169.254.144.1:60638 has been fully acknowledged.
DEBUG: Waiting for clean shutdown... DEBUG: Outbound stream to 169.254.144.1:27282 finished (6192 bytes still in flight).
DEBUG: Inbound stream from 169.254.144.1:60638 finished cleanly.
DEBUG: Waiting for lingering segments (e.g. retransmissions of FIN) from peer...
DEBUG: Outbound stream to 169.254.144.1:27282 has been fully acknowledged.
DEBUG: TCP connection finished cleanly.
done.
DEBUG: Waiting for clean shutdown... DEBUG: TCP connection finished cleanly.
done.
<end of output>
Test time =   0.24 sec
----------------------------------------------------------
Test Passed.
"t_usR_128K_8K" end time: Mar 17 21:19 CST
"t_usR_128K_8K" time elapsed: 00:00:00
----------------------------------------------------------

80/169 Testing: t_usR_16_1
80/169 Test: t_usR_16_1
Command: "/home/maowenjun/CS144-Labs/txrx.sh" "-usRd" "16" "-w" "1"
Directory: /home/maowenjun/CS144-Labs/build
"t_usR_16_1" start time: Mar 17 21:19 CST
Output:
----------------------------------------------------------
DEBUG: Listening for incoming connection... DEBUG: Connecting to 169.254.144.1:14829... done.
new connection from 169.254.144.1:41791.
DEBUG: Outbound stream to 169.254.144.1:41791 finished (1 byte still in flight).
DEBUG: Inbound stream from 169.254.144.1:14829 finished cleanly.
DEBUG: Outbound stream to 169.254.144.1:14829 finished (1 byte still in flight).
DEBUG: Waiting for clean shutdown... DEBUG: Outbound stream to 169.254.144.1:41791 has been fully acknowledged.
DEBUG: Inbound stream from 169.254.144.1:41791 finished cleanly.
DEBUG: Waiting for lingering segments (e.g. retransmissions of FIN) from peer...
DEBUG: Outbound stream to 169.254.144.1:14829 has been fully acknowledged.
DEBUG: TCP connection finished cleanly.
DEBUG: Waiting for clean shutdown... done.
DEBUG: TCP connection finished cleanly.
done.
<end of output>
Test time =   0.23 sec
----------------------------------------------------------
Test Passed.
"t_usR_16_1" end time: Mar 17 21:19 CST
"t_usR_16_1" time elapsed: 00:00:00
----------------------------------------------------------

81/169 Testing: t_usR_32K_d
81/169 Test: t_usR_32K_d
Command: "/home/maowenjun/CS144-Labs/txrx.sh" "-usRd" "32K"
Directory: /home/maowenjun/CS144-Labs/build
"t_usR_32K_d" start time: Mar 17 21:19 CST
Output:
----------------------------------------------------------
DEBUG: Listening for incoming connection... DEBUG: Connecting to 169.254.144.1:23456... done.
new connection from 169.254.144.1:58402.
DEBUG: Outbound stream to 169.254.144.1:58402 finished (1 byte still in flight).
DEBUG: Inbound stream from 169.254.144.1:23456 finished cleanly.
DEBUG: Outbound stream to 169.254.144.1:58402 has been fully acknowledged.
DEBUG: Waiting for clean shutdown... DEBUG: Outbound stream to 169.254.144.1:23456 finished (32769 bytes still in flight).
DEBUG: Inbound stream from 169.254.144.1:58402 finished cleanly.
DEBUG: Waiting for lingering segments (e.g. retransmissions of FIN) from peer...
DEBUG: Outbound stream to 169.254.144.1:23456 has been fully acknowledged.
DEBUG: TCP connection finished cleanly.
done.
DEBUG: Waiting for clean shutdown... DEBUG: TCP connection finished cleanly.
done.
<end of output>
Test time =   0.23 sec
----------------------------------------------------------
Test Passed.
"t_usR_32K_d" end time: Mar 17 21:19 CST
"t_usR_32K_d" time elapsed: 00:00:00
----------------------------------------------------------

82/169 Testing: t_usD_1M_32k
82/169 Test: t_usD_1M_32k
Command: "/home/maowenjun/CS144-Labs/txrx.sh" "-usDd" "1M" "-w" "32K"
Directory: /home/maowenjun/CS144-Labs/build
"t_usD_1M_32k" start time: Mar 17 21:19 CST
Output:
----------------------------------------------------------
DEBUG: Listening for incoming connection... DEBUG: Connecting to 169.254.144.1:16831... done.
new connection from 169.254.144.1:37307.
DEBUG: Outbound stream to 169.254.144.1:37307 finished (31768 bytes still in flight).
DEBUG: Outbound stream to 169.254.144.1:16831 finished (31768 bytes still in flight).
DEBUG: Outbound stream to DEBUG: Inbound stream from 169.254.144.1:37307 finished cleanly.
169.254.144.1:16831 has been fully acknowledged.
DEBUG: Inbound stream from 169.254.144.1:16831 finished cleanly.
DEBUG: Waiting for lingering segments (e.g. retransmissions of FIN) from peer...
DEBUG: Outbound stream to 169.254.144.1:37307 has been fully acknowledged.
DEBUG: Waiting for clean shutdown... DEBUG: Waiting for clean shutdown... DEBUG: TCP connection finished DEBUG: TCP connection finished cleanly.
cleanly.
done.
done.
<end of output>
Test time =   0.34 sec
----------------------------------------------------------
Test Passed.
"t_usD_1M_32k" end time: Mar 17 21:19 CST
"t_usD_1M_32k" time elapsed: 00:00:00
----------------------------------------------------------

83/169 Testing: t_usD_128K_8K
83/169 Test: t_usD_128K_8K
Command: "/home/maowenjun/CS144-Labs/txrx.sh" "-usDd" "128K" "-w" "8K"
Directory: /home/maowenjun/CS144-Labs/build
"t_usD_128K_8K" start time: Mar 17 21:19 CST
Output:
----------------------------------------------------------
DEBUG: Listening for incoming connection... DEBUG: Connecting to 169.254.144.1:8511... done.
new connection from 169.254.144.1:34553.
DEBUG: Outbound stream to 169.254.144.1:34553 finished (7192 bytes still in flight).
DEBUG: Outbound stream to 169.254.144.1:8511 finished (7192 bytes still in flight).
DEBUG: Inbound stream from DEBUG: Inbound stream from 169.254.144.1:8511 finished cleanly.
169.254.144.1:34553 finished cleanly.
DEBUG: Outbound stream to DEBUG: Outbound stream to 169.254.144.1:8511 has been fully acknowledged.
169.254.144.1:34553 has been fully acknowledged.
DEBUG: Waiting for clean shutdown... DEBUG: Waiting for clean shutdown... DEBUG: TCP connection finished cleanly.
DEBUG: TCP connection finished done.
cleanly.
done.
<end of output>
Test time =   0.26 sec
----------------------------------------------------------
Test Passed.
"t_usD_128K_8K" end time: Mar 17 21:19 CST
"t_usD_128K_8K" time elapsed: 00:00:00
----------------------------------------------------------

84/169 Testing: t_usD_16_1
84/169 Test: t_usD_16_1
Command: "/home/maowenjun/CS144-Labs/txrx.sh" "-usDd" "16" "-w" "1"
Directory: /home/maowenjun/CS144-Labs/build
"t_usD_16_1" start time: Mar 17 21:19 CST
Output:
----------------------------------------------------------
DEBUG: Listening for incoming connection... DEBUG: Connecting to 169.254.144.1:28688... done.
new connection from 169.254.144.1:59012.
DEBUG: Outbound stream to 169.254.144.1:28688 finished (1 byte still in flight).
DEBUG: Outbound stream to 169.254.144.1:59012 finished (1 byte still in flight).
DEBUG: Inbound stream from 169.254.144.1:59012 finished cleanly.
DEBUG: Outbound stream to 169.254.144.1:28688 has been fully acknowledged.
DEBUG: Waiting for clean shutdown... DEBUG: Inbound stream from 169.254.144.1:28688 finished cleanly.
DEBUG: Waiting for lingering segments (e.g. retransmissions of FIN) from peer...
DEBUG: Outbound stream to 169.254.144.1:59012 has been fully acknowledged.
DEBUG: TCP connection finished cleanly.
DEBUG: Waiting for clean shutdown... done.
DEBUG: TCP connection finished cleanly.
done.
<end of output>
Test time =   0.23 sec
----------------------------------------------------------
Test Passed.
"t_usD_16_1" end time: Mar 17 21:19 CST
"t_usD_16_1" time elapsed: 00:00:00
----------------------------------------------------------

85/169 Testing: t_usD_32K_d
85/169 Test: t_usD_32K_d
Command: "/home/maowenjun/CS144-Labs/txrx.sh" "-usDd" "32K"
Directory: /home/maowenjun/CS144-Labs/build
"t_usD_32K_d" start time: Mar 17 21:19 CST
Output:
----------------------------------------------------------
DEBUG: Listening for incoming connection... DEBUG: Connecting to 169.254.144.1:19889... done.
new connection from 169.254.144.1:40683.
DEBUG: Outbound stream to 169.254.144.1:19889 finished (32769 bytes still in flight).
DEBUG: Outbound stream to 169.254.144.1:40683 finished (32769 bytes still in flight).
DEBUG: Inbound stream from 169.254.144.1:40683 finished cleanly.
DEBUG: Outbound stream to 169.254.144.1:19889 has been fully acknowledged.
DEBUG: Inbound stream from 169.254.144.1:19889 finished cleanly.
DEBUG: Waiting for lingering segments (e.g. retransmissions of FIN) from peer...
DEBUG: Waiting for clean shutdown... DEBUG: Outbound stream to DEBUG: Waiting for clean shutdown... 169.254.144.1:40683 has been fully acknowledged.
DEBUG: TCP connection finished cleanly.
DEBUG: TCP connection finished cleanly.
done.
done.
<end of output>
Test time =   0.23 sec
----------------------------------------------------------
Test Passed.
"t_usD_32K_d" end time: Mar 17 21:19 CST
"t_usD_32K_d" time elapsed: 00:00:00
----------------------------------------------------------

86/169 Testing: t_ucS_128K_8K_l
86/169 Test: t_ucS_128K_8K_l
Command: "/home/maowenjun/CS144-Labs/txrx.sh" "-ucSd" "128K" "-w" "8K" "-l" "0.1"
Directory: /home/maowenjun/CS144-Labs/build
"t_ucS_128K_8K_l" start time: Mar 17 21:19 CST
Output:
----------------------------------------------------------
DEBUG: Listening for incoming connection... DEBUG: Connecting to 169.254.144.1:11292... done.
new connection from 169.254.144.1:44804.
DEBUG: Outbound stream to 169.254.144.1:44804 finished (1 byte still in flight).
DEBUG: Inbound stream from 169.254.144.1:11292 finished cleanly.
DEBUG: Outbound stream to 169.254.144.1:44804 has been fully acknowledged.
DEBUG: Waiting for clean shutdown... DEBUG: Outbound stream to 169.254.144.1:11292 finished (6192 bytes still in flight).
DEBUG: Inbound stream from 169.254.144.1:44804 finished cleanly.
DEBUG: Waiting for lingering segments (e.g. retransmissions of FIN) from peer...
DEBUG: Outbound stream to 169.254.144.1:11292 has been fully acknowledged.
DEBUG: TCP connection finished cleanly.
done.
DEBUG: Waiting for clean shutdown... DEBUG: TCP connection finished cleanly.
done.
<end of output>
Test time =   0.24 sec
----------------------------------------------------------
Test Passed.
"t_ucS_128K_8K_l" end time: Mar 17 21:19 CST
"t_ucS_128K_8K_l" time elapsed: 00:00:00
----------------------------------------------------------

87/169 Testing: t_ucS_128K_8K_L
87/169 Test: t_ucS_128K_8K_L
Command: "/home/maowenjun/CS144-Labs/txrx.sh" "-ucSd" "128K" "-w" "8K" "-L" "0.1"
Directory: /home/maowenjun/CS144-Labs/build
"t_ucS_128K_8K_L" start time: Mar 17 21:19 CST
Output:
----------------------------------------------------------
DEBUG: Listening for incoming connection... DEBUG: Connecting to 169.254.144.1:16744... done.
new connection from 169.254.144.1:53737.
DEBUG: Outbound stream to 169.254.144.1:53737 finished (1 byte still in flight).
DEBUG: Inbound stream from 169.254.144.1:16744 finished cleanly.
DEBUG: Outbound stream to 169.254.144.1:53737 has been fully acknowledged.
DEBUG: Waiting for clean shutdown... DEBUG: Outbound stream to 169.254.144.1:16744 finished (6192 bytes still in flight).
DEBUG: Inbound stream from 169.254.144.1:53737 finished cleanly.
DEBUG: Waiting for lingering segments (e.g. retransmissions of FIN) from peer...
DEBUG: Outbound stream to 169.254.144.1:16744 has been fully acknowledged.
DEBUG: TCP connection finished cleanly.
done.
[...]
DEBUG: Inbound stream from 169.254.144.9:32613 finished cleanly.
DEBUG: Waiting for lingering segments (e.g. retransmissions of FIN) from peer...
DEBUG: Outbound stream to 169.254.145.9:31404 has been fully acknowledged.
DEBUG: TCP connection finished cleanly.
done.
DEBUG: Waiting for clean shutdown... DEBUG: TCP connection finished cleanly.
done.
<end of output>
Test time =   0.42 sec
----------------------------------------------------------
Test Passed.
"t_isD_128K_8K_L" end time: Mar 17 21:19 CST
"t_isD_128K_8K_L" time elapsed: 00:00:00
----------------------------------------------------------

151/169 Testing: t_isD_128K_8K_lL
151/169 Test: t_isD_128K_8K_lL
Command: "/home/maowenjun/CS144-Labs/txrx.sh" "-isDd" "128K" "-w" "8K" "-l" "0.1" "-L" "0.1"
Directory: /home/maowenjun/CS144-Labs/build
"t_isD_128K_8K_lL" start time: Mar 17 21:19 CST
Output:
----------------------------------------------------------
DEBUG: Listening for incoming connection... DEBUG: Connecting to 169.254.144.9:23531... done.
new connection from 169.254.145.9:23965.
DEBUG: Outbound stream to 169.254.144.9:23531 finished (8191 bytes still in flight).
DEBUG: Outbound stream to 169.254.145.9:23965 finished (8000 bytes still in flight).
DEBUG: Inbound stream from 169.254.145.9:23965 finished cleanly.
DEBUG: Outbound stream to 169.254.144.9:23531 has been fully acknowledged.
DEBUG: Waiting for clean shutdown... DEBUG: Inbound stream from 169.254.144.9:23531 finished cleanly.
DEBUG: Waiting for lingering segments (e.g. retransmissions of FIN) from peer...
DEBUG: Outbound stream to 169.254.145.9:23965 has been fully acknowledged.
DEBUG: TCP connection finished cleanly.
done.
DEBUG: Waiting for clean shutdown... DEBUG: TCP connection finished cleanly.
done.
<end of output>
Test time =   0.65 sec
----------------------------------------------------------
Test Passed.
"t_isD_128K_8K_lL" end time: Mar 17 21:19 CST
"t_isD_128K_8K_lL" time elapsed: 00:00:00
----------------------------------------------------------

152/169 Testing: t_icnS_128K_8K_l
152/169 Test: t_icnS_128K_8K_l
Command: "/home/maowenjun/CS144-Labs/txrx.sh" "-icSnd" "128K" "-w" "8K" "-l" "0.1"
Directory: /home/maowenjun/CS144-Labs/build
"t_icnS_128K_8K_l" start time: Mar 17 21:19 CST
Output:
----------------------------------------------------------
DEBUG: Connecting to 169.254.144.1:23323... done.
DEBUG: Inbound stream from 169.254.144.1:23323 finished cleanly.
DEBUG: Waiting for clean shutdown... DEBUG: Outbound stream to 169.254.144.1:23323 finished (64000 bytes still in flight).
DEBUG: Outbound stream to 169.254.144.1:23323 has been fully acknowledged.
DEBUG: TCP connection finished cleanly.
done.
<end of output>
Test time =   0.12 sec
----------------------------------------------------------
Test Passed.
"t_icnS_128K_8K_l" end time: Mar 17 21:19 CST
"t_icnS_128K_8K_l" time elapsed: 00:00:00
----------------------------------------------------------

153/169 Testing: t_icnS_128K_8K_L
153/169 Test: t_icnS_128K_8K_L
Command: "/home/maowenjun/CS144-Labs/txrx.sh" "-icSnd" "128K" "-w" "8K" "-L" "0.1"
Directory: /home/maowenjun/CS144-Labs/build
"t_icnS_128K_8K_L" start time: Mar 17 21:19 CST
Output:
----------------------------------------------------------
DEBUG: Connecting to 169.254.144.1:17198... done.
DEBUG: Inbound stream from 169.254.144.1:17198 finished cleanly.
DEBUG: Waiting for clean shutdown... DEBUG: Outbound stream to 169.254.144.1:17198 finished (43000 bytes still in flight).
DEBUG: Outbound stream to 169.254.144.1:17198 has been fully acknowledged.
DEBUG: TCP connection finished cleanly.
done.
<end of output>
Test time =   0.29 sec
----------------------------------------------------------
Test Passed.
"t_icnS_128K_8K_L" end time: Mar 17 21:19 CST
"t_icnS_128K_8K_L" time elapsed: 00:00:00
----------------------------------------------------------

154/169 Testing: t_icnS_128K_8K_lL
154/169 Test: t_icnS_128K_8K_lL
Command: "/home/maowenjun/CS144-Labs/txrx.sh" "-icSnd" "128K" "-w" "8K" "-l" "0.1" "-L" "0.1"
Directory: /home/maowenjun/CS144-Labs/build
"t_icnS_128K_8K_lL" start time: Mar 17 21:19 CST
Output:
----------------------------------------------------------
DEBUG: Connecting to 169.254.144.1:25116... done.
DEBUG: Inbound stream from 169.254.144.1:25116 finished cleanly.
DEBUG: Waiting for clean shutdown... DEBUG: Outbound stream to 169.254.144.1:25116 finished (42000 bytes still in flight).
DEBUG: Outbound stream to 169.254.144.1:25116 has been fully acknowledged.
DEBUG: TCP connection finished cleanly.
done.
<end of output>
Test time =   0.37 sec
----------------------------------------------------------
Test Passed.
"t_icnS_128K_8K_lL" end time: Mar 17 21:19 CST
"t_icnS_128K_8K_lL" time elapsed: 00:00:00
----------------------------------------------------------

155/169 Testing: t_icnR_128K_8K_l
155/169 Test: t_icnR_128K_8K_l
Command: "/home/maowenjun/CS144-Labs/txrx.sh" "-icRnd" "128K" "-w" "8K" "-l" "0.1"
Directory: /home/maowenjun/CS144-Labs/build
"t_icnR_128K_8K_l" start time: Mar 17 21:19 CST
Output:
----------------------------------------------------------
DEBUG: Connecting to 169.254.144.1:9114... done.
DEBUG: Outbound stream to 169.254.144.1:9114 finished (1 byte still in flight).
DEBUG: Outbound stream to 169.254.144.1:9114 has been fully acknowledged.
DEBUG: Inbound stream from 169.254.144.1:9114 finished cleanly.
DEBUG: Waiting for lingering segments (e.g. retransmissions of FIN) from peer...
DEBUG: Waiting for clean shutdown... DEBUG: TCP connection finished cleanly.
done.
<end of output>
Test time =   0.28 sec
----------------------------------------------------------
Test Passed.
"t_icnR_128K_8K_l" end time: Mar 17 21:19 CST
"t_icnR_128K_8K_l" time elapsed: 00:00:00
----------------------------------------------------------

156/169 Testing: t_icnR_128K_8K_L
156/169 Test: t_icnR_128K_8K_L
Command: "/home/maowenjun/CS144-Labs/txrx.sh" "-icRnd" "128K" "-w" "8K" "-L" "0.1"
Directory: /home/maowenjun/CS144-Labs/build
"t_icnR_128K_8K_L" start time: Mar 17 21:19 CST
Output:
----------------------------------------------------------
DEBUG: Connecting to 169.254.144.1:29198... done.
DEBUG: Outbound stream to 169.254.144.1:29198 finished (1 byte still in flight).
DEBUG: Outbound stream to 169.254.144.1:29198 has been fully acknowledged.
DEBUG: Inbound stream from 169.254.144.1:29198 finished cleanly.
DEBUG: Waiting for lingering segments (e.g. retransmissions of FIN) from peer...
DEBUG: Waiting for clean shutdown... DEBUG: TCP connection finished cleanly.
done.
<end of output>
Test time =   0.25 sec
----------------------------------------------------------
Test Passed.
"t_icnR_128K_8K_L" end time: Mar 17 21:19 CST
"t_icnR_128K_8K_L" time elapsed: 00:00:00
----------------------------------------------------------

157/169 Testing: t_icnR_128K_8K_lL
157/169 Test: t_icnR_128K_8K_lL
Command: "/home/maowenjun/CS144-Labs/txrx.sh" "-icRnd" "128K" "-w" "8K" "-l" "0.1" "-L" "0.1"
Directory: /home/maowenjun/CS144-Labs/build
"t_icnR_128K_8K_lL" start time: Mar 17 21:19 CST
Output:
----------------------------------------------------------
DEBUG: Connecting to 169.254.144.1:16897... done.
DEBUG: Outbound stream to 169.254.144.1:16897 finished (1 byte still in flight).
DEBUG: Outbound stream to 169.254.144.1:16897 has been fully acknowledged.
DEBUG: Inbound stream from 169.254.144.1:16897 finished cleanly.
DEBUG: Waiting for lingering segments (e.g. retransmissions of FIN) from peer...
DEBUG: Waiting for clean shutdown... DEBUG: TCP connection finished cleanly.
done.
<end of output>
Test time =   0.98 sec
----------------------------------------------------------
Test Passed.
"t_icnR_128K_8K_lL" end time: Mar 17 21:19 CST
"t_icnR_128K_8K_lL" time elapsed: 00:00:00
----------------------------------------------------------

158/169 Testing: t_icnD_128K_8K_l
158/169 Test: t_icnD_128K_8K_l
Command: "/home/maowenjun/CS144-Labs/txrx.sh" "-icDnd" "128K" "-w" "8K" "-l" "0.1"
Directory: /home/maowenjun/CS144-Labs/build
"t_icnD_128K_8K_l" start time: Mar 17 21:19 CST
Output:
----------------------------------------------------------
DEBUG: Connecting to 169.254.144.1:5853... done.
DEBUG: Outbound stream to 169.254.144.1:5853 finished (64000 bytes still in flight).
DEBUG: Outbound stream to 169.254.144.1:5853 has been fully acknowledged.
DEBUG: Inbound stream from 169.254.144.1:5853 finished cleanly.
DEBUG: Waiting for lingering segments (e.g. retransmissions of FIN) from peer...
DEBUG: Waiting for clean shutdown... DEBUG: TCP connection finished cleanly.
done.
<end of output>
Test time =   0.75 sec
----------------------------------------------------------
Test Passed.
"t_icnD_128K_8K_l" end time: Mar 17 21:19 CST
"t_icnD_128K_8K_l" time elapsed: 00:00:00
----------------------------------------------------------

159/169 Testing: t_icnD_128K_8K_L
159/169 Test: t_icnD_128K_8K_L
Command: "/home/maowenjun/CS144-Labs/txrx.sh" "-icDnd" "128K" "-w" "8K" "-L" "0.1"
Directory: /home/maowenjun/CS144-Labs/build
"t_icnD_128K_8K_L" start time: Mar 17 21:19 CST
Output:
----------------------------------------------------------
DEBUG: Connecting to 169.254.144.1:12987... done.
DEBUG: Outbound stream to 169.254.144.1:12987 finished (35000 bytes still in flight).
DEBUG: Inbound stream from 169.254.144.1:12987 finished cleanly.
DEBUG: Waiting for clean shutdown... DEBUG: Outbound stream to 169.254.144.1:12987 has been fully acknowledged.
DEBUG: TCP connection finished cleanly.
done.
<end of output>
Test time =   0.34 sec
----------------------------------------------------------
Test Passed.
"t_icnD_128K_8K_L" end time: Mar 17 21:19 CST
"t_icnD_128K_8K_L" time elapsed: 00:00:00
----------------------------------------------------------

160/169 Testing: t_icnD_128K_8K_lL
160/169 Test: t_icnD_128K_8K_lL
Command: "/home/maowenjun/CS144-Labs/txrx.sh" "-icDnd" "128K" "-w" "8K" "-l" "0.1" "-L" "0.1"
Directory: /home/maowenjun/CS144-Labs/build
"t_icnD_128K_8K_lL" start time: Mar 17 21:19 CST
Output:
----------------------------------------------------------
DEBUG: Connecting to 169.254.144.1:16496... done.
DEBUG: Outbound stream to 169.254.144.1:16496 finished (24000 bytes still in flight).
DEBUG: Outbound stream to 169.254.144.1:16496 has been fully acknowledged.
DEBUG: Inbound stream from 169.254.144.1:16496 finished cleanly.
DEBUG: Waiting for lingering segments (e.g. retransmissions of FIN) from peer...
DEBUG: TCP connection finished uncleanlyDEBUG: Waiting for clean shutdown... done.
<end of output>
Test time =   0.97 sec
----------------------------------------------------------
Test Passed.
"t_icnD_128K_8K_lL" end time: Mar 17 21:19 CST
"t_icnD_128K_8K_lL" time elapsed: 00:00:00
----------------------------------------------------------

161/169 Testing: t_isnS_128K_8K_l
161/169 Test: t_isnS_128K_8K_l
Command: "/home/maowenjun/CS144-Labs/txrx.sh" "-isSnd" "128K" "-w" "8K" "-l" "0.1"
Directory: /home/maowenjun/CS144-Labs/build
"t_isnS_128K_8K_l" start time: Mar 17 21:19 CST
Output:
----------------------------------------------------------
DEBUG: Listening for incoming connection... new connection from 169.254.144.1:58346.
DEBUG: Inbound stream from 169.254.144.1:58346 finished cleanly.
DEBUG: Waiting for clean shutdown... DEBUG: Outbound stream to 169.254.144.1:58346 finished (64000 bytes still in flight).
DEBUG: Outbound stream to 169.254.144.1:58346 has been fully acknowledged.
DEBUG: TCP connection finished cleanly.
done.
<end of output>
Test time =   0.12 sec
----------------------------------------------------------
Test Passed.
"t_isnS_128K_8K_l" end time: Mar 17 21:19 CST
"t_isnS_128K_8K_l" time elapsed: 00:00:00
----------------------------------------------------------

162/169 Testing: t_isnS_128K_8K_L
162/169 Test: t_isnS_128K_8K_L
Command: "/home/maowenjun/CS144-Labs/txrx.sh" "-isSnd" "128K" "-w" "8K" "-L" "0.1"
Directory: /home/maowenjun/CS144-Labs/build
"t_isnS_128K_8K_L" start time: Mar 17 21:19 CST
Output:
----------------------------------------------------------
DEBUG: Listening for incoming connection... new connection from 169.254.144.1:54928.
DEBUG: Inbound stream from 169.254.144.1:54928 finished cleanly.
DEBUG: Waiting for clean shutdown... DEBUG: Outbound stream to 169.254.144.1:54928 finished (47000 bytes still in flight).
DEBUG: Outbound stream to 169.254.144.1:54928 has been fully acknowledged.
DEBUG: TCP connection finished cleanly.
done.
<end of output>
Test time =   0.39 sec
----------------------------------------------------------
Test Passed.
"t_isnS_128K_8K_L" end time: Mar 17 21:19 CST
"t_isnS_128K_8K_L" time elapsed: 00:00:00
----------------------------------------------------------

163/169 Testing: t_isnS_128K_8K_lL
163/169 Test: t_isnS_128K_8K_lL
Command: "/home/maowenjun/CS144-Labs/txrx.sh" "-isSnd" "128K" "-w" "8K" "-l" "0.1" "-L" "0.1"
Directory: /home/maowenjun/CS144-Labs/build
"t_isnS_128K_8K_lL" start time: Mar 17 21:19 CST
Output:
----------------------------------------------------------
DEBUG: Listening for incoming connection... new connection from 169.254.144.1:34138.
DEBUG: Inbound stream from 169.254.144.1:34138 finished cleanly.
DEBUG: Waiting for clean shutdown... DEBUG: Outbound stream to 169.254.144.1:34138 finished (59000 bytes still in flight).
DEBUG: Outbound stream to 169.254.144.1:34138 has been fully acknowledged.
DEBUG: TCP connection finished cleanly.
done.
<end of output>
Test time =   0.31 sec
----------------------------------------------------------
Test Passed.
"t_isnS_128K_8K_lL" end time: Mar 17 21:19 CST
"t_isnS_128K_8K_lL" time elapsed: 00:00:00
----------------------------------------------------------

164/169 Testing: t_isnR_128K_8K_l
164/169 Test: t_isnR_128K_8K_l
Command: "/home/maowenjun/CS144-Labs/txrx.sh" "-isRnd" "128K" "-w" "8K" "-l" "0.1"
Directory: /home/maowenjun/CS144-Labs/build
"t_isnR_128K_8K_l" start time: Mar 17 21:19 CST
Output:
----------------------------------------------------------
DEBUG: Listening for incoming connection... new connection from 169.254.144.1:48508.
DEBUG: Outbound stream to 169.254.144.1:48508 finished (1 byte still in flight).
DEBUG: Outbound stream to 169.254.144.1:48508 has been fully acknowledged.
DEBUG: Inbound stream from 169.254.144.1:48508 finished cleanly.
DEBUG: Waiting for lingering segments (e.g. retransmissions of FIN) from peer...
DEBUG: Waiting for clean shutdown... DEBUG: TCP connection finished cleanly.
done.
<end of output>
Test time =   1.07 sec
----------------------------------------------------------
Test Passed.
"t_isnR_128K_8K_l" end time: Mar 17 21:19 CST
"t_isnR_128K_8K_l" time elapsed: 00:00:01
----------------------------------------------------------

165/169 Testing: t_isnR_128K_8K_L
165/169 Test: t_isnR_128K_8K_L
Command: "/home/maowenjun/CS144-Labs/txrx.sh" "-isRnd" "128K" "-w" "8K" "-L" "0.1"
Directory: /home/maowenjun/CS144-Labs/build
"t_isnR_128K_8K_L" start time: Mar 17 21:19 CST
Output:
----------------------------------------------------------
DEBUG: Listening for incoming connection... new connection from 169.254.144.1:60918.
DEBUG: Outbound stream to 169.254.144.1:60918 finished (1 byte still in flight).
DEBUG: Outbound stream to 169.254.144.1:60918 has been fully acknowledged.
DEBUG: Inbound stream from 169.254.144.1:60918 finished cleanly.
DEBUG: Waiting for lingering segments (e.g. retransmissions of FIN) from peer...
DEBUG: Waiting for clean shutdown... DEBUG: TCP connection finished cleanly.
done.
<end of output>
Test time =   0.28 sec
----------------------------------------------------------
Test Passed.
"t_isnR_128K_8K_L" end time: Mar 17 21:19 CST
"t_isnR_128K_8K_L" time elapsed: 00:00:00
----------------------------------------------------------

166/169 Testing: t_isnR_128K_8K_lL
166/169 Test: t_isnR_128K_8K_lL
Command: "/home/maowenjun/CS144-Labs/txrx.sh" "-isRnd" "128K" "-w" "8K" "-l" "0.1" "-L" "0.1"
Directory: /home/maowenjun/CS144-Labs/build
"t_isnR_128K_8K_lL" start time: Mar 17 21:19 CST
Output:
----------------------------------------------------------
DEBUG: Listening for incoming connection... new connection from 169.254.144.1:36860.
DEBUG: Outbound stream to 169.254.144.1:36860 finished (1 byte still in flight).
DEBUG: Outbound stream to 169.254.144.1:36860 has been fully acknowledged.
DEBUG: Inbound stream from 169.254.144.1:36860 finished cleanly.
DEBUG: Waiting for lingering segments (e.g. retransmissions of FIN) from peer...
DEBUG: Waiting for clean shutdown... DEBUG: TCP connection finished cleanly.
done.
<end of output>
Test time =   0.38 sec
----------------------------------------------------------
Test Passed.
"t_isnR_128K_8K_lL" end time: Mar 17 21:19 CST
"t_isnR_128K_8K_lL" time elapsed: 00:00:00
----------------------------------------------------------

167/169 Testing: t_isnD_128K_8K_l
167/169 Test: t_isnD_128K_8K_l
Command: "/home/maowenjun/CS144-Labs/txrx.sh" "-isDnd" "128K" "-w" "8K" "-l" "0.1"
Directory: /home/maowenjun/CS144-Labs/build
"t_isnD_128K_8K_l" start time: Mar 17 21:19 CST
Output:
----------------------------------------------------------
DEBUG: Listening for incoming connection... new connection from 169.254.144.1:41168.
DEBUG: Outbound stream to 169.254.144.1:41168 finished (64000 bytes still in flight).
DEBUG: Outbound stream to 169.254.144.1:41168 has been fully acknowledged.
DEBUG: Inbound stream from 169.254.144.1:41168 finished cleanly.
DEBUG: Waiting for lingering segments (e.g. retransmissions of FIN) from peer...
DEBUG: Waiting for clean shutdown... DEBUG: TCP connection finished cleanly.
done.
<end of output>
Test time =   0.74 sec
----------------------------------------------------------
Test Passed.
"t_isnD_128K_8K_l" end time: Mar 17 21:19 CST
"t_isnD_128K_8K_l" time elapsed: 00:00:00
----------------------------------------------------------

168/169 Testing: t_isnD_128K_8K_L
168/169 Test: t_isnD_128K_8K_L
Command: "/home/maowenjun/CS144-Labs/txrx.sh" "-isDnd" "128K" "-w" "8K" "-L" "0.1"
Directory: /home/maowenjun/CS144-Labs/build
"t_isnD_128K_8K_L" start time: Mar 17 21:19 CST
Output:
----------------------------------------------------------
DEBUG: Listening for incoming connection... new connection from 169.254.144.1:52046.
DEBUG: Outbound stream to 169.254.144.1:52046 finished (63000 bytes still in flight).
DEBUG: Inbound stream from 169.254.144.1:52046 finished cleanly.
DEBUG: Waiting for clean shutdown... DEBUG: Outbound stream to 169.254.144.1:52046 has been fully acknowledged.
DEBUG: TCP connection finished cleanly.
done.
<end of output>
Test time =   0.24 sec
----------------------------------------------------------
Test Passed.
"t_isnD_128K_8K_L" end time: Mar 17 21:19 CST
"t_isnD_128K_8K_L" time elapsed: 00:00:00
----------------------------------------------------------

169/169 Testing: t_isnD_128K_8K_lL
169/169 Test: t_isnD_128K_8K_lL
Command: "/home/maowenjun/CS144-Labs/txrx.sh" "-isDnd" "128K" "-w" "8K" "-l" "0.1" "-L" "0.1"
Directory: /home/maowenjun/CS144-Labs/build
"t_isnD_128K_8K_lL" start time: Mar 17 21:19 CST
Output:
----------------------------------------------------------
DEBUG: Listening for incoming connection... new connection from 169.254.144.1:55820.
DEBUG: Outbound stream to 169.254.144.1:55820 finished (34000 bytes still in flight).
DEBUG: Outbound stream to 169.254.144.1:55820 has been fully acknowledged.
DEBUG: Inbound stream from 169.254.144.1:55820 finished cleanly.
DEBUG: Waiting for lingering segments (e.g. retransmissions of FIN) from peer...
DEBUG: Waiting for clean shutdown... DEBUG: TCP connection finished cleanly.
done.
<end of output>
Test time =   0.84 sec
----------------------------------------------------------
Test Passed.
"t_isnD_128K_8K_lL" end time: Mar 17 21:19 CST
"t_isnD_128K_8K_lL" time elapsed: 00:00:00
----------------------------------------------------------

End testing: Mar 17 21:19 CST
